  [1m[36m (13.7ms)[0m  [1mCREATE TABLE "schema_migrations" ("version" varchar NOT NULL) [0m
  [1m[35m (0.1ms)[0m  select sqlite_version(*)
  [1m[36m (15.6ms)[0m  [1mCREATE UNIQUE INDEX "unique_schema_migrations" ON "schema_migrations" ("version")[0m
  [1m[35mActiveRecord::SchemaMigration Load (0.1ms)[0m  SELECT "schema_migrations".* FROM "schema_migrations"
Migrating to CreatePosts (20170630121756)
  [1m[36m (0.1ms)[0m  [1mbegin transaction[0m
  [1m[35m (0.0ms)[0m  rollback transaction
  [1m[36mActiveRecord::SchemaMigration Load (0.1ms)[0m  [1mSELECT "schema_migrations".* FROM "schema_migrations"[0m
Migrating to CreatePosts (20170630121756)
  [1m[35m (0.2ms)[0m  begin transaction
  [1m[36m (0.2ms)[0m  [1mrollback transaction[0m
  [1m[36mActiveRecord::SchemaMigration Load (0.1ms)[0m  [1mSELECT "schema_migrations".* FROM "schema_migrations"[0m
Migrating to CreatePosts (20170630121756)
  [1m[35m (0.0ms)[0m  begin transaction
  [1m[36m (0.6ms)[0m  [1mCREATE TABLE "posts" ("id" INTEGER PRIMARY KEY AUTOINCREMENT NOT NULL, "title" varchar, "publishDate" date, "hat" text, "content" text, "picture" varchar, "created_at" datetime NOT NULL, "updated_at" datetime NOT NULL) [0m
  [1m[35mSQL (0.3ms)[0m  INSERT INTO "schema_migrations" ("version") VALUES (?)  [["version", "20170630121756"]]
  [1m[36m (14.4ms)[0m  [1mcommit transaction[0m
Migrating to DeviseCreateUsers (20170630124017)
  [1m[35m (0.1ms)[0m  begin transaction
  [1m[36m (0.4ms)[0m  [1mCREATE TABLE "users" ("id" INTEGER PRIMARY KEY AUTOINCREMENT NOT NULL, "email" varchar DEFAULT '' NOT NULL, "encrypted_password" varchar DEFAULT '' NOT NULL, "reset_password_token" varchar, "reset_password_sent_at" datetime, "remember_created_at" datetime, "sign_in_count" integer DEFAULT 0 NOT NULL, "current_sign_in_at" datetime, "last_sign_in_at" datetime, "current_sign_in_ip" varchar, "last_sign_in_ip" varchar, "created_at" datetime NOT NULL, "updated_at" datetime NOT NULL) [0m
  [1m[35m (0.1ms)[0m  select sqlite_version(*)
  [1m[36m (1.7ms)[0m  [1mCREATE UNIQUE INDEX "index_users_on_email" ON "users" ("email")[0m
  [1m[35m (0.1ms)[0m              SELECT sql
            FROM sqlite_master
            WHERE name='index_users_on_email' AND type='index'
            UNION ALL
            SELECT sql
            FROM sqlite_temp_master
            WHERE name='index_users_on_email' AND type='index'

  [1m[36m (0.3ms)[0m  [1mCREATE UNIQUE INDEX "index_users_on_reset_password_token" ON "users" ("reset_password_token")[0m
  [1m[35mSQL (0.2ms)[0m  INSERT INTO "schema_migrations" ("version") VALUES (?)  [["version", "20170630124017"]]
  [1m[36m (25.6ms)[0m  [1mcommit transaction[0m
  [1m[35mActiveRecord::SchemaMigration Load (0.1ms)[0m  SELECT "schema_migrations".* FROM "schema_migrations"
  [1m[36m (0.2ms)[0m  [1m            SELECT sql
            FROM sqlite_master
            WHERE name='index_users_on_reset_password_token' AND type='index'
            UNION ALL
            SELECT sql
            FROM sqlite_temp_master
            WHERE name='index_users_on_reset_password_token' AND type='index'
[0m
  [1m[35m (0.1ms)[0m              SELECT sql
            FROM sqlite_master
            WHERE name='index_users_on_email' AND type='index'
            UNION ALL
            SELECT sql
            FROM sqlite_temp_master
            WHERE name='index_users_on_email' AND type='index'



Started GET "/" for 127.0.0.1 at 2017-06-30 14:52:55 +0200
  [1m[36mActiveRecord::SchemaMigration Load (0.1ms)[0m  [1mSELECT "schema_migrations".* FROM "schema_migrations"[0m
Processing by Rails::WelcomeController#index as HTML
  Rendered /usr/lib/ruby/vendor_ruby/rails/templates/rails/welcome/index.html.erb (3.5ms)
Completed 200 OK in 164ms (Views: 103.1ms | ActiveRecord: 0.0ms)


Started GET "/users" for 127.0.0.1 at 2017-06-30 14:53:01 +0200

ActionController::RoutingError (No route matches [GET] "/users"):
  /usr/lib/ruby/vendor_ruby/action_dispatch/middleware/debug_exceptions.rb:21:in `call'
  web-console (2.3.0) lib/web_console/middleware.rb:28:in `block in call'
  web-console (2.3.0) lib/web_console/middleware.rb:18:in `catch'
  web-console (2.3.0) lib/web_console/middleware.rb:18:in `call'
  /usr/lib/ruby/vendor_ruby/action_dispatch/middleware/show_exceptions.rb:30:in `call'
  /usr/lib/ruby/vendor_ruby/rails/rack/logger.rb:38:in `call_app'
  /usr/lib/ruby/vendor_ruby/rails/rack/logger.rb:20:in `block in call'
  /usr/lib/ruby/vendor_ruby/active_support/tagged_logging.rb:68:in `block in tagged'
  /usr/lib/ruby/vendor_ruby/active_support/tagged_logging.rb:26:in `tagged'
  /usr/lib/ruby/vendor_ruby/active_support/tagged_logging.rb:68:in `tagged'
  /usr/lib/ruby/vendor_ruby/rails/rack/logger.rb:20:in `call'
  /usr/lib/ruby/vendor_ruby/action_dispatch/middleware/request_id.rb:21:in `call'
  rack (1.6.8) lib/rack/methodoverride.rb:22:in `call'
  rack (1.6.8) lib/rack/runtime.rb:18:in `call'
  /usr/lib/ruby/vendor_ruby/active_support/cache/strategy/local_cache_middleware.rb:28:in `call'
  rack (1.6.8) lib/rack/lock.rb:17:in `call'
  /usr/lib/ruby/vendor_ruby/action_dispatch/middleware/static.rb:120:in `call'
  rack (1.6.8) lib/rack/sendfile.rb:113:in `call'
  /usr/lib/ruby/vendor_ruby/rails/engine.rb:518:in `call'
  /usr/lib/ruby/vendor_ruby/rails/application.rb:165:in `call'
  rack (1.6.8) lib/rack/lock.rb:17:in `call'
  rack (1.6.8) lib/rack/content_length.rb:15:in `call'
  rack (1.6.8) lib/rack/handler/webrick.rb:88:in `service'
  /usr/lib/ruby/2.3.0/webrick/httpserver.rb:140:in `service'
  /usr/lib/ruby/2.3.0/webrick/httpserver.rb:96:in `run'
  /usr/lib/ruby/2.3.0/webrick/server.rb:296:in `block in start_thread'


  Rendered /usr/lib/ruby/vendor_ruby/action_dispatch/middleware/templates/rescues/_trace.html.erb (1.5ms)
  Rendered /usr/lib/ruby/vendor_ruby/action_dispatch/middleware/templates/routes/_route.html.erb (3.6ms)
  Rendered /usr/lib/ruby/vendor_ruby/action_dispatch/middleware/templates/routes/_table.html.erb (24.6ms)
  Rendered /usr/lib/ruby/vendor_ruby/action_dispatch/middleware/templates/rescues/_request_and_response.html.erb (1.2ms)
  Rendered /usr/lib/ruby/vendor_ruby/action_dispatch/middleware/templates/rescues/routing_error.html.erb within rescues/layout (94.9ms)
  Rendered /var/lib/gems/2.3.0/gems/web-console-2.3.0/lib/web_console/templates/_markup.html.erb (0.5ms)
  Rendered /var/lib/gems/2.3.0/gems/web-console-2.3.0/lib/web_console/templates/_inner_console_markup.html.erb within layouts/inlined_string (0.3ms)
  Rendered /var/lib/gems/2.3.0/gems/web-console-2.3.0/lib/web_console/templates/_prompt_box_markup.html.erb within layouts/inlined_string (0.3ms)
  Rendered /var/lib/gems/2.3.0/gems/web-console-2.3.0/lib/web_console/templates/style.css.erb within layouts/inlined_string (0.3ms)
  Rendered /var/lib/gems/2.3.0/gems/web-console-2.3.0/lib/web_console/templates/console.js.erb within layouts/javascript (58.6ms)
  Rendered /var/lib/gems/2.3.0/gems/web-console-2.3.0/lib/web_console/templates/main.js.erb within layouts/javascript (0.4ms)
  Rendered /var/lib/gems/2.3.0/gems/web-console-2.3.0/lib/web_console/templates/error_page.js.erb within layouts/javascript (0.3ms)
  Rendered /var/lib/gems/2.3.0/gems/web-console-2.3.0/lib/web_console/templates/index.html.erb (113.2ms)


Started GET "/posts" for 127.0.0.1 at 2017-06-30 14:53:25 +0200
Processing by PostsController#index as HTML
  [1m[35mPost Load (0.1ms)[0m  SELECT "posts".* FROM "posts"
  Rendered posts/index.html.erb within layouts/application (2.0ms)
Completed 200 OK in 2609ms (Views: 2605.8ms | ActiveRecord: 0.2ms)


Started GET "/assets/posts.self-e3b0c44298fc1c149afbf4c8996fb92427ae41e4649b934ca495991b7852b855.css?body=1" for 127.0.0.1 at 2017-06-30 14:53:28 +0200


Started GET "/assets/scaffolds.self-e0868a1f1a85ca992768ed764be6a1b26b2c1eed3437039adc41c0c668b5d90d.css?body=1" for 127.0.0.1 at 2017-06-30 14:53:28 +0200


Started GET "/assets/user.self-e3b0c44298fc1c149afbf4c8996fb92427ae41e4649b934ca495991b7852b855.css?body=1" for 127.0.0.1 at 2017-06-30 14:53:28 +0200


Started GET "/assets/application.self-e80e8f2318043e8af94dddc2adad5a4f09739a8ebb323b3ab31cd71d45fd9113.css?body=1" for 127.0.0.1 at 2017-06-30 14:53:28 +0200


Started GET "/assets/jquery.self-bd7ddd393353a8d2480a622e80342adf488fb6006d667e8b42e4c0073393abee.js?body=1" for 127.0.0.1 at 2017-06-30 14:53:28 +0200


Started GET "/assets/jquery_ujs.self-784a997f6726036b1993eb2217c9cb558e1cbb801c6da88105588c56f13b466a.js?body=1" for 127.0.0.1 at 2017-06-30 14:53:28 +0200


Started GET "/assets/turbolinks.self-1d1fddf91adc38ac2045c51f0a3e05ca97d07d24d15a4dcbf705009106489e69.js?body=1" for 127.0.0.1 at 2017-06-30 14:53:28 +0200


Started GET "/assets/posts.self-877aef30ae1b040ab8a3aba4e3e309a11d7f2612f44dde450b5c157aa5f95c05.js?body=1" for 127.0.0.1 at 2017-06-30 14:53:28 +0200


Started GET "/assets/user.self-877aef30ae1b040ab8a3aba4e3e309a11d7f2612f44dde450b5c157aa5f95c05.js?body=1" for 127.0.0.1 at 2017-06-30 14:53:28 +0200


Started GET "/assets/application.self-3b8dabdc891efe46b9a144b400ad69e37d7e5876bdc39dee783419a69d7ca819.js?body=1" for 127.0.0.1 at 2017-06-30 14:53:28 +0200


Started GET "/users" for 127.0.0.1 at 2017-06-30 14:56:04 +0200
Processing by UsersController#index as HTML
Completed 500 Internal Server Error in 17ms (ActiveRecord: 0.0ms)

ActionView::MissingTemplate (Missing template users/index, application/index with {:locale=>[:en], :formats=>[:html], :variants=>[], :handlers=>[:erb, :builder, :raw, :ruby, :coffee, :jbuilder]}. Searched in:
  * "/home/hugo/Documents/Blog/app/views"
  * "/var/lib/gems/2.3.0/gems/devise-4.3.0/app/views"
):
  /usr/lib/ruby/vendor_ruby/action_view/path_set.rb:46:in `find'
  /usr/lib/ruby/vendor_ruby/action_view/lookup_context.rb:121:in `find'
  /usr/lib/ruby/vendor_ruby/action_view/renderer/abstract_renderer.rb:18:in `find_template'
  /usr/lib/ruby/vendor_ruby/action_view/renderer/template_renderer.rb:40:in `determine_template'
  /usr/lib/ruby/vendor_ruby/action_view/renderer/template_renderer.rb:8:in `render'
  /usr/lib/ruby/vendor_ruby/action_view/renderer/renderer.rb:46:in `render_template'
  /usr/lib/ruby/vendor_ruby/action_view/renderer/renderer.rb:27:in `render'
  /usr/lib/ruby/vendor_ruby/action_view/rendering.rb:100:in `_render_template'
  /usr/lib/ruby/vendor_ruby/action_controller/metal/streaming.rb:217:in `_render_template'
  /usr/lib/ruby/vendor_ruby/action_view/rendering.rb:83:in `render_to_body'
  /usr/lib/ruby/vendor_ruby/action_controller/metal/rendering.rb:32:in `render_to_body'
  /usr/lib/ruby/vendor_ruby/action_controller/metal/renderers.rb:37:in `render_to_body'
  /usr/lib/ruby/vendor_ruby/abstract_controller/rendering.rb:25:in `render'
  /usr/lib/ruby/vendor_ruby/action_controller/metal/rendering.rb:16:in `render'
  /usr/lib/ruby/vendor_ruby/action_controller/metal/instrumentation.rb:44:in `block (2 levels) in render'
  /usr/lib/ruby/vendor_ruby/active_support/core_ext/benchmark.rb:12:in `block in ms'
  /usr/lib/ruby/2.3.0/benchmark.rb:308:in `realtime'
  /usr/lib/ruby/vendor_ruby/active_support/core_ext/benchmark.rb:12:in `ms'
  /usr/lib/ruby/vendor_ruby/action_controller/metal/instrumentation.rb:44:in `block in render'
  /usr/lib/ruby/vendor_ruby/action_controller/metal/instrumentation.rb:87:in `cleanup_view_runtime'
  activerecord (4.2.6) lib/active_record/railties/controller_runtime.rb:25:in `cleanup_view_runtime'
  /usr/lib/ruby/vendor_ruby/action_controller/metal/instrumentation.rb:43:in `render'
  /usr/lib/ruby/vendor_ruby/action_controller/metal/implicit_render.rb:10:in `default_render'
  /usr/lib/ruby/vendor_ruby/action_controller/metal/implicit_render.rb:5:in `send_action'
  /usr/lib/ruby/vendor_ruby/abstract_controller/base.rb:198:in `process_action'
  /usr/lib/ruby/vendor_ruby/action_controller/metal/rendering.rb:10:in `process_action'
  /usr/lib/ruby/vendor_ruby/abstract_controller/callbacks.rb:20:in `block in process_action'
  /usr/lib/ruby/vendor_ruby/active_support/callbacks.rb:117:in `call'
  /usr/lib/ruby/vendor_ruby/active_support/callbacks.rb:555:in `block (2 levels) in compile'
  /usr/lib/ruby/vendor_ruby/active_support/callbacks.rb:505:in `call'
  /usr/lib/ruby/vendor_ruby/active_support/callbacks.rb:92:in `__run_callbacks__'
  /usr/lib/ruby/vendor_ruby/active_support/callbacks.rb:778:in `_run_process_action_callbacks'
  /usr/lib/ruby/vendor_ruby/active_support/callbacks.rb:81:in `run_callbacks'
  /usr/lib/ruby/vendor_ruby/abstract_controller/callbacks.rb:19:in `process_action'
  /usr/lib/ruby/vendor_ruby/action_controller/metal/rescue.rb:29:in `process_action'
  /usr/lib/ruby/vendor_ruby/action_controller/metal/instrumentation.rb:32:in `block in process_action'
  /usr/lib/ruby/vendor_ruby/active_support/notifications.rb:164:in `block in instrument'
  /usr/lib/ruby/vendor_ruby/active_support/notifications/instrumenter.rb:20:in `instrument'
  /usr/lib/ruby/vendor_ruby/active_support/notifications.rb:164:in `instrument'
  /usr/lib/ruby/vendor_ruby/action_controller/metal/instrumentation.rb:30:in `process_action'
  /usr/lib/ruby/vendor_ruby/action_controller/metal/params_wrapper.rb:250:in `process_action'
  activerecord (4.2.6) lib/active_record/railties/controller_runtime.rb:18:in `process_action'
  /usr/lib/ruby/vendor_ruby/abstract_controller/base.rb:137:in `process'
  /usr/lib/ruby/vendor_ruby/action_view/rendering.rb:30:in `process'
  /usr/lib/ruby/vendor_ruby/action_controller/metal.rb:196:in `dispatch'
  /usr/lib/ruby/vendor_ruby/action_controller/metal/rack_delegation.rb:13:in `dispatch'
  /usr/lib/ruby/vendor_ruby/action_controller/metal.rb:237:in `block in action'
  /usr/lib/ruby/vendor_ruby/action_dispatch/routing/route_set.rb:74:in `dispatch'
  /usr/lib/ruby/vendor_ruby/action_dispatch/routing/route_set.rb:43:in `serve'
  /usr/lib/ruby/vendor_ruby/action_dispatch/journey/router.rb:43:in `block in serve'
  /usr/lib/ruby/vendor_ruby/action_dispatch/journey/router.rb:30:in `each'
  /usr/lib/ruby/vendor_ruby/action_dispatch/journey/router.rb:30:in `serve'
  /usr/lib/ruby/vendor_ruby/action_dispatch/routing/route_set.rb:817:in `call'
  warden (1.2.7) lib/warden/manager.rb:36:in `block in call'
  warden (1.2.7) lib/warden/manager.rb:35:in `catch'
  warden (1.2.7) lib/warden/manager.rb:35:in `call'
  rack (1.6.8) lib/rack/etag.rb:24:in `call'
  rack (1.6.8) lib/rack/conditionalget.rb:25:in `call'
  rack (1.6.8) lib/rack/head.rb:13:in `call'
  /usr/lib/ruby/vendor_ruby/action_dispatch/middleware/params_parser.rb:27:in `call'
  /usr/lib/ruby/vendor_ruby/action_dispatch/middleware/flash.rb:260:in `call'
  rack (1.6.8) lib/rack/session/abstract/id.rb:225:in `context'
  rack (1.6.8) lib/rack/session/abstract/id.rb:220:in `call'
  /usr/lib/ruby/vendor_ruby/action_dispatch/middleware/cookies.rb:560:in `call'
  activerecord (4.2.6) lib/active_record/query_cache.rb:36:in `call'
  activerecord (4.2.6) lib/active_record/connection_adapters/abstract/connection_pool.rb:653:in `call'
  activerecord (4.2.6) lib/active_record/migration.rb:377:in `call'
  /usr/lib/ruby/vendor_ruby/action_dispatch/middleware/callbacks.rb:29:in `block in call'
  /usr/lib/ruby/vendor_ruby/active_support/callbacks.rb:88:in `__run_callbacks__'
  /usr/lib/ruby/vendor_ruby/active_support/callbacks.rb:778:in `_run_call_callbacks'
  /usr/lib/ruby/vendor_ruby/active_support/callbacks.rb:81:in `run_callbacks'
  /usr/lib/ruby/vendor_ruby/action_dispatch/middleware/callbacks.rb:27:in `call'
  /usr/lib/ruby/vendor_ruby/action_dispatch/middleware/reloader.rb:73:in `call'
  /usr/lib/ruby/vendor_ruby/action_dispatch/middleware/remote_ip.rb:78:in `call'
  /usr/lib/ruby/vendor_ruby/action_dispatch/middleware/debug_exceptions.rb:17:in `call'
  web-console (2.3.0) lib/web_console/middleware.rb:28:in `block in call'
  web-console (2.3.0) lib/web_console/middleware.rb:18:in `catch'
  web-console (2.3.0) lib/web_console/middleware.rb:18:in `call'
  /usr/lib/ruby/vendor_ruby/action_dispatch/middleware/show_exceptions.rb:30:in `call'
  /usr/lib/ruby/vendor_ruby/rails/rack/logger.rb:38:in `call_app'
  /usr/lib/ruby/vendor_ruby/rails/rack/logger.rb:20:in `block in call'
  /usr/lib/ruby/vendor_ruby/active_support/tagged_logging.rb:68:in `block in tagged'
  /usr/lib/ruby/vendor_ruby/active_support/tagged_logging.rb:26:in `tagged'
  /usr/lib/ruby/vendor_ruby/active_support/tagged_logging.rb:68:in `tagged'
  /usr/lib/ruby/vendor_ruby/rails/rack/logger.rb:20:in `call'
  /usr/lib/ruby/vendor_ruby/action_dispatch/middleware/request_id.rb:21:in `call'
  rack (1.6.8) lib/rack/methodoverride.rb:22:in `call'
  rack (1.6.8) lib/rack/runtime.rb:18:in `call'
  /usr/lib/ruby/vendor_ruby/active_support/cache/strategy/local_cache_middleware.rb:28:in `call'
  rack (1.6.8) lib/rack/lock.rb:17:in `call'
  /usr/lib/ruby/vendor_ruby/action_dispatch/middleware/static.rb:120:in `call'
  rack (1.6.8) lib/rack/sendfile.rb:113:in `call'
  /usr/lib/ruby/vendor_ruby/rails/engine.rb:518:in `call'
  /usr/lib/ruby/vendor_ruby/rails/application.rb:165:in `call'
  rack (1.6.8) lib/rack/lock.rb:17:in `call'
  rack (1.6.8) lib/rack/content_length.rb:15:in `call'
  rack (1.6.8) lib/rack/handler/webrick.rb:88:in `service'
  /usr/lib/ruby/2.3.0/webrick/httpserver.rb:140:in `service'
  /usr/lib/ruby/2.3.0/webrick/httpserver.rb:96:in `run'
  /usr/lib/ruby/2.3.0/webrick/server.rb:296:in `block in start_thread'


  Rendered /usr/lib/ruby/vendor_ruby/action_dispatch/middleware/templates/rescues/_source.erb (6.1ms)
  Rendered /usr/lib/ruby/vendor_ruby/action_dispatch/middleware/templates/rescues/_trace.html.erb (10.2ms)
  Rendered /usr/lib/ruby/vendor_ruby/action_dispatch/middleware/templates/rescues/_request_and_response.html.erb (1.1ms)
  Rendered /usr/lib/ruby/vendor_ruby/action_dispatch/middleware/templates/rescues/missing_template.html.erb within rescues/layout (68.4ms)
  Rendered /var/lib/gems/2.3.0/gems/web-console-2.3.0/lib/web_console/templates/_markup.html.erb (0.5ms)
  Rendered /var/lib/gems/2.3.0/gems/web-console-2.3.0/lib/web_console/templates/_inner_console_markup.html.erb within layouts/inlined_string (0.4ms)
  Rendered /var/lib/gems/2.3.0/gems/web-console-2.3.0/lib/web_console/templates/_prompt_box_markup.html.erb within layouts/inlined_string (0.3ms)
  Rendered /var/lib/gems/2.3.0/gems/web-console-2.3.0/lib/web_console/templates/style.css.erb within layouts/inlined_string (0.3ms)
  Rendered /var/lib/gems/2.3.0/gems/web-console-2.3.0/lib/web_console/templates/console.js.erb within layouts/javascript (43.1ms)
  Rendered /var/lib/gems/2.3.0/gems/web-console-2.3.0/lib/web_console/templates/main.js.erb within layouts/javascript (0.4ms)
  Rendered /var/lib/gems/2.3.0/gems/web-console-2.3.0/lib/web_console/templates/error_page.js.erb within layouts/javascript (0.5ms)
  Rendered /var/lib/gems/2.3.0/gems/web-console-2.3.0/lib/web_console/templates/index.html.erb (93.8ms)


Started GET "/users" for 127.0.0.1 at 2017-06-30 14:59:01 +0200
Processing by UsersController#index as HTML
Completed 500 Internal Server Error in 16ms (ActiveRecord: 0.0ms)

ActionView::MissingTemplate (Missing template users/index, application/index with {:locale=>[:en], :formats=>[:html], :variants=>[], :handlers=>[:erb, :builder, :raw, :ruby, :coffee, :jbuilder]}. Searched in:
  * "/home/hugo/Documents/Blog/app/views"
  * "/var/lib/gems/2.3.0/gems/devise-4.3.0/app/views"
):
  /usr/lib/ruby/vendor_ruby/action_view/path_set.rb:46:in `find'
  /usr/lib/ruby/vendor_ruby/action_view/lookup_context.rb:121:in `find'
  /usr/lib/ruby/vendor_ruby/action_view/renderer/abstract_renderer.rb:18:in `find_template'
  /usr/lib/ruby/vendor_ruby/action_view/renderer/template_renderer.rb:40:in `determine_template'
  /usr/lib/ruby/vendor_ruby/action_view/renderer/template_renderer.rb:8:in `render'
  /usr/lib/ruby/vendor_ruby/action_view/renderer/renderer.rb:46:in `render_template'
  /usr/lib/ruby/vendor_ruby/action_view/renderer/renderer.rb:27:in `render'
  /usr/lib/ruby/vendor_ruby/action_view/rendering.rb:100:in `_render_template'
  /usr/lib/ruby/vendor_ruby/action_controller/metal/streaming.rb:217:in `_render_template'
  /usr/lib/ruby/vendor_ruby/action_view/rendering.rb:83:in `render_to_body'
  /usr/lib/ruby/vendor_ruby/action_controller/metal/rendering.rb:32:in `render_to_body'
  /usr/lib/ruby/vendor_ruby/action_controller/metal/renderers.rb:37:in `render_to_body'
  /usr/lib/ruby/vendor_ruby/abstract_controller/rendering.rb:25:in `render'
  /usr/lib/ruby/vendor_ruby/action_controller/metal/rendering.rb:16:in `render'
  /usr/lib/ruby/vendor_ruby/action_controller/metal/instrumentation.rb:44:in `block (2 levels) in render'
  /usr/lib/ruby/vendor_ruby/active_support/core_ext/benchmark.rb:12:in `block in ms'
  /usr/lib/ruby/2.3.0/benchmark.rb:308:in `realtime'
  /usr/lib/ruby/vendor_ruby/active_support/core_ext/benchmark.rb:12:in `ms'
  /usr/lib/ruby/vendor_ruby/action_controller/metal/instrumentation.rb:44:in `block in render'
  /usr/lib/ruby/vendor_ruby/action_controller/metal/instrumentation.rb:87:in `cleanup_view_runtime'
  activerecord (4.2.6) lib/active_record/railties/controller_runtime.rb:25:in `cleanup_view_runtime'
  /usr/lib/ruby/vendor_ruby/action_controller/metal/instrumentation.rb:43:in `render'
  /usr/lib/ruby/vendor_ruby/action_controller/metal/implicit_render.rb:10:in `default_render'
  /usr/lib/ruby/vendor_ruby/action_controller/metal/implicit_render.rb:5:in `send_action'
  /usr/lib/ruby/vendor_ruby/abstract_controller/base.rb:198:in `process_action'
  /usr/lib/ruby/vendor_ruby/action_controller/metal/rendering.rb:10:in `process_action'
  /usr/lib/ruby/vendor_ruby/abstract_controller/callbacks.rb:20:in `block in process_action'
  /usr/lib/ruby/vendor_ruby/active_support/callbacks.rb:117:in `call'
  /usr/lib/ruby/vendor_ruby/active_support/callbacks.rb:555:in `block (2 levels) in compile'
  /usr/lib/ruby/vendor_ruby/active_support/callbacks.rb:505:in `call'
  /usr/lib/ruby/vendor_ruby/active_support/callbacks.rb:92:in `__run_callbacks__'
  /usr/lib/ruby/vendor_ruby/active_support/callbacks.rb:778:in `_run_process_action_callbacks'
  /usr/lib/ruby/vendor_ruby/active_support/callbacks.rb:81:in `run_callbacks'
  /usr/lib/ruby/vendor_ruby/abstract_controller/callbacks.rb:19:in `process_action'
  /usr/lib/ruby/vendor_ruby/action_controller/metal/rescue.rb:29:in `process_action'
  /usr/lib/ruby/vendor_ruby/action_controller/metal/instrumentation.rb:32:in `block in process_action'
  /usr/lib/ruby/vendor_ruby/active_support/notifications.rb:164:in `block in instrument'
  /usr/lib/ruby/vendor_ruby/active_support/notifications/instrumenter.rb:20:in `instrument'
  /usr/lib/ruby/vendor_ruby/active_support/notifications.rb:164:in `instrument'
  /usr/lib/ruby/vendor_ruby/action_controller/metal/instrumentation.rb:30:in `process_action'
  /usr/lib/ruby/vendor_ruby/action_controller/metal/params_wrapper.rb:250:in `process_action'
  activerecord (4.2.6) lib/active_record/railties/controller_runtime.rb:18:in `process_action'
  /usr/lib/ruby/vendor_ruby/abstract_controller/base.rb:137:in `process'
  /usr/lib/ruby/vendor_ruby/action_view/rendering.rb:30:in `process'
  /usr/lib/ruby/vendor_ruby/action_controller/metal.rb:196:in `dispatch'
  /usr/lib/ruby/vendor_ruby/action_controller/metal/rack_delegation.rb:13:in `dispatch'
  /usr/lib/ruby/vendor_ruby/action_controller/metal.rb:237:in `block in action'
  /usr/lib/ruby/vendor_ruby/action_dispatch/routing/route_set.rb:74:in `dispatch'
  /usr/lib/ruby/vendor_ruby/action_dispatch/routing/route_set.rb:43:in `serve'
  /usr/lib/ruby/vendor_ruby/action_dispatch/journey/router.rb:43:in `block in serve'
  /usr/lib/ruby/vendor_ruby/action_dispatch/journey/router.rb:30:in `each'
  /usr/lib/ruby/vendor_ruby/action_dispatch/journey/router.rb:30:in `serve'
  /usr/lib/ruby/vendor_ruby/action_dispatch/routing/route_set.rb:817:in `call'
  warden (1.2.7) lib/warden/manager.rb:36:in `block in call'
  warden (1.2.7) lib/warden/manager.rb:35:in `catch'
  warden (1.2.7) lib/warden/manager.rb:35:in `call'
  rack (1.6.8) lib/rack/etag.rb:24:in `call'
  rack (1.6.8) lib/rack/conditionalget.rb:25:in `call'
  rack (1.6.8) lib/rack/head.rb:13:in `call'
  /usr/lib/ruby/vendor_ruby/action_dispatch/middleware/params_parser.rb:27:in `call'
  /usr/lib/ruby/vendor_ruby/action_dispatch/middleware/flash.rb:260:in `call'
  rack (1.6.8) lib/rack/session/abstract/id.rb:225:in `context'
  rack (1.6.8) lib/rack/session/abstract/id.rb:220:in `call'
  /usr/lib/ruby/vendor_ruby/action_dispatch/middleware/cookies.rb:560:in `call'
  activerecord (4.2.6) lib/active_record/query_cache.rb:36:in `call'
  activerecord (4.2.6) lib/active_record/connection_adapters/abstract/connection_pool.rb:653:in `call'
  activerecord (4.2.6) lib/active_record/migration.rb:377:in `call'
  /usr/lib/ruby/vendor_ruby/action_dispatch/middleware/callbacks.rb:29:in `block in call'
  /usr/lib/ruby/vendor_ruby/active_support/callbacks.rb:88:in `__run_callbacks__'
  /usr/lib/ruby/vendor_ruby/active_support/callbacks.rb:778:in `_run_call_callbacks'
  /usr/lib/ruby/vendor_ruby/active_support/callbacks.rb:81:in `run_callbacks'
  /usr/lib/ruby/vendor_ruby/action_dispatch/middleware/callbacks.rb:27:in `call'
  /usr/lib/ruby/vendor_ruby/action_dispatch/middleware/reloader.rb:73:in `call'
  /usr/lib/ruby/vendor_ruby/action_dispatch/middleware/remote_ip.rb:78:in `call'
  /usr/lib/ruby/vendor_ruby/action_dispatch/middleware/debug_exceptions.rb:17:in `call'
  web-console (2.3.0) lib/web_console/middleware.rb:28:in `block in call'
  web-console (2.3.0) lib/web_console/middleware.rb:18:in `catch'
  web-console (2.3.0) lib/web_console/middleware.rb:18:in `call'
  /usr/lib/ruby/vendor_ruby/action_dispatch/middleware/show_exceptions.rb:30:in `call'
  /usr/lib/ruby/vendor_ruby/rails/rack/logger.rb:38:in `call_app'
  /usr/lib/ruby/vendor_ruby/rails/rack/logger.rb:20:in `block in call'
  /usr/lib/ruby/vendor_ruby/active_support/tagged_logging.rb:68:in `block in tagged'
  /usr/lib/ruby/vendor_ruby/active_support/tagged_logging.rb:26:in `tagged'
  /usr/lib/ruby/vendor_ruby/active_support/tagged_logging.rb:68:in `tagged'
  /usr/lib/ruby/vendor_ruby/rails/rack/logger.rb:20:in `call'
  /usr/lib/ruby/vendor_ruby/action_dispatch/middleware/request_id.rb:21:in `call'
  rack (1.6.8) lib/rack/methodoverride.rb:22:in `call'
  rack (1.6.8) lib/rack/runtime.rb:18:in `call'
  /usr/lib/ruby/vendor_ruby/active_support/cache/strategy/local_cache_middleware.rb:28:in `call'
  rack (1.6.8) lib/rack/lock.rb:17:in `call'
  /usr/lib/ruby/vendor_ruby/action_dispatch/middleware/static.rb:120:in `call'
  rack (1.6.8) lib/rack/sendfile.rb:113:in `call'
  /usr/lib/ruby/vendor_ruby/rails/engine.rb:518:in `call'
  /usr/lib/ruby/vendor_ruby/rails/application.rb:165:in `call'
  rack (1.6.8) lib/rack/lock.rb:17:in `call'
  rack (1.6.8) lib/rack/content_length.rb:15:in `call'
  rack (1.6.8) lib/rack/handler/webrick.rb:88:in `service'
  /usr/lib/ruby/2.3.0/webrick/httpserver.rb:140:in `service'
  /usr/lib/ruby/2.3.0/webrick/httpserver.rb:96:in `run'
  /usr/lib/ruby/2.3.0/webrick/server.rb:296:in `block in start_thread'


  Rendered /usr/lib/ruby/vendor_ruby/action_dispatch/middleware/templates/rescues/_source.erb (10.9ms)
  Rendered /usr/lib/ruby/vendor_ruby/action_dispatch/middleware/templates/rescues/_trace.html.erb (5.9ms)
  Rendered /usr/lib/ruby/vendor_ruby/action_dispatch/middleware/templates/rescues/_request_and_response.html.erb (1.2ms)
  Rendered /usr/lib/ruby/vendor_ruby/action_dispatch/middleware/templates/rescues/missing_template.html.erb within rescues/layout (75.3ms)
  Rendered /var/lib/gems/2.3.0/gems/web-console-2.3.0/lib/web_console/templates/_markup.html.erb (0.5ms)
  Rendered /var/lib/gems/2.3.0/gems/web-console-2.3.0/lib/web_console/templates/_inner_console_markup.html.erb within layouts/inlined_string (0.5ms)
  Rendered /var/lib/gems/2.3.0/gems/web-console-2.3.0/lib/web_console/templates/_prompt_box_markup.html.erb within layouts/inlined_string (0.4ms)
  Rendered /var/lib/gems/2.3.0/gems/web-console-2.3.0/lib/web_console/templates/style.css.erb within layouts/inlined_string (3.9ms)
  Rendered /var/lib/gems/2.3.0/gems/web-console-2.3.0/lib/web_console/templates/console.js.erb within layouts/javascript (46.3ms)
  Rendered /var/lib/gems/2.3.0/gems/web-console-2.3.0/lib/web_console/templates/main.js.erb within layouts/javascript (0.8ms)
  Rendered /var/lib/gems/2.3.0/gems/web-console-2.3.0/lib/web_console/templates/error_page.js.erb within layouts/javascript (0.5ms)
  Rendered /var/lib/gems/2.3.0/gems/web-console-2.3.0/lib/web_console/templates/index.html.erb (94.8ms)


Started GET "/users" for 127.0.0.1 at 2017-06-30 14:59:10 +0200
Processing by UsersController#index as HTML
Completed 500 Internal Server Error in 7ms (ActiveRecord: 0.0ms)

ActionView::MissingTemplate (Missing template users/index, application/index with {:locale=>[:en], :formats=>[:html], :variants=>[], :handlers=>[:erb, :builder, :raw, :ruby, :coffee, :jbuilder]}. Searched in:
  * "/home/hugo/Documents/Blog/app/views"
  * "/var/lib/gems/2.3.0/gems/devise-4.3.0/app/views"
):
  /usr/lib/ruby/vendor_ruby/action_view/path_set.rb:46:in `find'
  /usr/lib/ruby/vendor_ruby/action_view/lookup_context.rb:121:in `find'
  /usr/lib/ruby/vendor_ruby/action_view/renderer/abstract_renderer.rb:18:in `find_template'
  /usr/lib/ruby/vendor_ruby/action_view/renderer/template_renderer.rb:40:in `determine_template'
  /usr/lib/ruby/vendor_ruby/action_view/renderer/template_renderer.rb:8:in `render'
  /usr/lib/ruby/vendor_ruby/action_view/renderer/renderer.rb:46:in `render_template'
  /usr/lib/ruby/vendor_ruby/action_view/renderer/renderer.rb:27:in `render'
  /usr/lib/ruby/vendor_ruby/action_view/rendering.rb:100:in `_render_template'
  /usr/lib/ruby/vendor_ruby/action_controller/metal/streaming.rb:217:in `_render_template'
  /usr/lib/ruby/vendor_ruby/action_view/rendering.rb:83:in `render_to_body'
  /usr/lib/ruby/vendor_ruby/action_controller/metal/rendering.rb:32:in `render_to_body'
  /usr/lib/ruby/vendor_ruby/action_controller/metal/renderers.rb:37:in `render_to_body'
  /usr/lib/ruby/vendor_ruby/abstract_controller/rendering.rb:25:in `render'
  /usr/lib/ruby/vendor_ruby/action_controller/metal/rendering.rb:16:in `render'
  /usr/lib/ruby/vendor_ruby/action_controller/metal/instrumentation.rb:44:in `block (2 levels) in render'
  /usr/lib/ruby/vendor_ruby/active_support/core_ext/benchmark.rb:12:in `block in ms'
  /usr/lib/ruby/2.3.0/benchmark.rb:308:in `realtime'
  /usr/lib/ruby/vendor_ruby/active_support/core_ext/benchmark.rb:12:in `ms'
  /usr/lib/ruby/vendor_ruby/action_controller/metal/instrumentation.rb:44:in `block in render'
  /usr/lib/ruby/vendor_ruby/action_controller/metal/instrumentation.rb:87:in `cleanup_view_runtime'
  activerecord (4.2.6) lib/active_record/railties/controller_runtime.rb:25:in `cleanup_view_runtime'
  /usr/lib/ruby/vendor_ruby/action_controller/metal/instrumentation.rb:43:in `render'
  /usr/lib/ruby/vendor_ruby/action_controller/metal/implicit_render.rb:10:in `default_render'
  /usr/lib/ruby/vendor_ruby/action_controller/metal/implicit_render.rb:5:in `send_action'
  /usr/lib/ruby/vendor_ruby/abstract_controller/base.rb:198:in `process_action'
  /usr/lib/ruby/vendor_ruby/action_controller/metal/rendering.rb:10:in `process_action'
  /usr/lib/ruby/vendor_ruby/abstract_controller/callbacks.rb:20:in `block in process_action'
  /usr/lib/ruby/vendor_ruby/active_support/callbacks.rb:117:in `call'
  /usr/lib/ruby/vendor_ruby/active_support/callbacks.rb:555:in `block (2 levels) in compile'
  /usr/lib/ruby/vendor_ruby/active_support/callbacks.rb:505:in `call'
  /usr/lib/ruby/vendor_ruby/active_support/callbacks.rb:92:in `__run_callbacks__'
  /usr/lib/ruby/vendor_ruby/active_support/callbacks.rb:778:in `_run_process_action_callbacks'
  /usr/lib/ruby/vendor_ruby/active_support/callbacks.rb:81:in `run_callbacks'
  /usr/lib/ruby/vendor_ruby/abstract_controller/callbacks.rb:19:in `process_action'
  /usr/lib/ruby/vendor_ruby/action_controller/metal/rescue.rb:29:in `process_action'
  /usr/lib/ruby/vendor_ruby/action_controller/metal/instrumentation.rb:32:in `block in process_action'
  /usr/lib/ruby/vendor_ruby/active_support/notifications.rb:164:in `block in instrument'
  /usr/lib/ruby/vendor_ruby/active_support/notifications/instrumenter.rb:20:in `instrument'
  /usr/lib/ruby/vendor_ruby/active_support/notifications.rb:164:in `instrument'
  /usr/lib/ruby/vendor_ruby/action_controller/metal/instrumentation.rb:30:in `process_action'
  /usr/lib/ruby/vendor_ruby/action_controller/metal/params_wrapper.rb:250:in `process_action'
  activerecord (4.2.6) lib/active_record/railties/controller_runtime.rb:18:in `process_action'
  /usr/lib/ruby/vendor_ruby/abstract_controller/base.rb:137:in `process'
  /usr/lib/ruby/vendor_ruby/action_view/rendering.rb:30:in `process'
  /usr/lib/ruby/vendor_ruby/action_controller/metal.rb:196:in `dispatch'
  /usr/lib/ruby/vendor_ruby/action_controller/metal/rack_delegation.rb:13:in `dispatch'
  /usr/lib/ruby/vendor_ruby/action_controller/metal.rb:237:in `block in action'
  /usr/lib/ruby/vendor_ruby/action_dispatch/routing/route_set.rb:74:in `dispatch'
  /usr/lib/ruby/vendor_ruby/action_dispatch/routing/route_set.rb:43:in `serve'
  /usr/lib/ruby/vendor_ruby/action_dispatch/journey/router.rb:43:in `block in serve'
  /usr/lib/ruby/vendor_ruby/action_dispatch/journey/router.rb:30:in `each'
  /usr/lib/ruby/vendor_ruby/action_dispatch/journey/router.rb:30:in `serve'
  /usr/lib/ruby/vendor_ruby/action_dispatch/routing/route_set.rb:817:in `call'
  warden (1.2.7) lib/warden/manager.rb:36:in `block in call'
  warden (1.2.7) lib/warden/manager.rb:35:in `catch'
  warden (1.2.7) lib/warden/manager.rb:35:in `call'
  rack (1.6.8) lib/rack/etag.rb:24:in `call'
  rack (1.6.8) lib/rack/conditionalget.rb:25:in `call'
  rack (1.6.8) lib/rack/head.rb:13:in `call'
  /usr/lib/ruby/vendor_ruby/action_dispatch/middleware/params_parser.rb:27:in `call'
  /usr/lib/ruby/vendor_ruby/action_dispatch/middleware/flash.rb:260:in `call'
  rack (1.6.8) lib/rack/session/abstract/id.rb:225:in `context'
  rack (1.6.8) lib/rack/session/abstract/id.rb:220:in `call'
  /usr/lib/ruby/vendor_ruby/action_dispatch/middleware/cookies.rb:560:in `call'
  activerecord (4.2.6) lib/active_record/query_cache.rb:36:in `call'
  activerecord (4.2.6) lib/active_record/connection_adapters/abstract/connection_pool.rb:653:in `call'
  activerecord (4.2.6) lib/active_record/migration.rb:377:in `call'
  /usr/lib/ruby/vendor_ruby/action_dispatch/middleware/callbacks.rb:29:in `block in call'
  /usr/lib/ruby/vendor_ruby/active_support/callbacks.rb:88:in `__run_callbacks__'
  /usr/lib/ruby/vendor_ruby/active_support/callbacks.rb:778:in `_run_call_callbacks'
  /usr/lib/ruby/vendor_ruby/active_support/callbacks.rb:81:in `run_callbacks'
  /usr/lib/ruby/vendor_ruby/action_dispatch/middleware/callbacks.rb:27:in `call'
  /usr/lib/ruby/vendor_ruby/action_dispatch/middleware/reloader.rb:73:in `call'
  /usr/lib/ruby/vendor_ruby/action_dispatch/middleware/remote_ip.rb:78:in `call'
  /usr/lib/ruby/vendor_ruby/action_dispatch/middleware/debug_exceptions.rb:17:in `call'
  web-console (2.3.0) lib/web_console/middleware.rb:28:in `block in call'
  web-console (2.3.0) lib/web_console/middleware.rb:18:in `catch'
  web-console (2.3.0) lib/web_console/middleware.rb:18:in `call'
  /usr/lib/ruby/vendor_ruby/action_dispatch/middleware/show_exceptions.rb:30:in `call'
  /usr/lib/ruby/vendor_ruby/rails/rack/logger.rb:38:in `call_app'
  /usr/lib/ruby/vendor_ruby/rails/rack/logger.rb:20:in `block in call'
  /usr/lib/ruby/vendor_ruby/active_support/tagged_logging.rb:68:in `block in tagged'
  /usr/lib/ruby/vendor_ruby/active_support/tagged_logging.rb:26:in `tagged'
  /usr/lib/ruby/vendor_ruby/active_support/tagged_logging.rb:68:in `tagged'
  /usr/lib/ruby/vendor_ruby/rails/rack/logger.rb:20:in `call'
  /usr/lib/ruby/vendor_ruby/action_dispatch/middleware/request_id.rb:21:in `call'
  rack (1.6.8) lib/rack/methodoverride.rb:22:in `call'
  rack (1.6.8) lib/rack/runtime.rb:18:in `call'
  /usr/lib/ruby/vendor_ruby/active_support/cache/strategy/local_cache_middleware.rb:28:in `call'
  rack (1.6.8) lib/rack/lock.rb:17:in `call'
  /usr/lib/ruby/vendor_ruby/action_dispatch/middleware/static.rb:120:in `call'
  rack (1.6.8) lib/rack/sendfile.rb:113:in `call'
  /usr/lib/ruby/vendor_ruby/rails/engine.rb:518:in `call'
  /usr/lib/ruby/vendor_ruby/rails/application.rb:165:in `call'
  rack (1.6.8) lib/rack/lock.rb:17:in `call'
  rack (1.6.8) lib/rack/content_length.rb:15:in `call'
  rack (1.6.8) lib/rack/handler/webrick.rb:88:in `service'
  /usr/lib/ruby/2.3.0/webrick/httpserver.rb:140:in `service'
  /usr/lib/ruby/2.3.0/webrick/httpserver.rb:96:in `run'
  /usr/lib/ruby/2.3.0/webrick/server.rb:296:in `block in start_thread'


  Rendered /usr/lib/ruby/vendor_ruby/action_dispatch/middleware/templates/rescues/_source.erb (15.2ms)
  Rendered /usr/lib/ruby/vendor_ruby/action_dispatch/middleware/templates/rescues/_trace.html.erb (7.3ms)
  Rendered /usr/lib/ruby/vendor_ruby/action_dispatch/middleware/templates/rescues/_request_and_response.html.erb (5.1ms)
  Rendered /usr/lib/ruby/vendor_ruby/action_dispatch/middleware/templates/rescues/missing_template.html.erb within rescues/layout (66.6ms)
  Rendered /var/lib/gems/2.3.0/gems/web-console-2.3.0/lib/web_console/templates/_markup.html.erb (0.4ms)
  Rendered /var/lib/gems/2.3.0/gems/web-console-2.3.0/lib/web_console/templates/_inner_console_markup.html.erb within layouts/inlined_string (0.4ms)
  Rendered /var/lib/gems/2.3.0/gems/web-console-2.3.0/lib/web_console/templates/_prompt_box_markup.html.erb within layouts/inlined_string (0.3ms)
  Rendered /var/lib/gems/2.3.0/gems/web-console-2.3.0/lib/web_console/templates/style.css.erb within layouts/inlined_string (0.4ms)
  Rendered /var/lib/gems/2.3.0/gems/web-console-2.3.0/lib/web_console/templates/console.js.erb within layouts/javascript (43.2ms)
  Rendered /var/lib/gems/2.3.0/gems/web-console-2.3.0/lib/web_console/templates/main.js.erb within layouts/javascript (0.4ms)
  Rendered /var/lib/gems/2.3.0/gems/web-console-2.3.0/lib/web_console/templates/error_page.js.erb within layouts/javascript (9.1ms)
  Rendered /var/lib/gems/2.3.0/gems/web-console-2.3.0/lib/web_console/templates/index.html.erb (92.1ms)


Started GET "/users" for 127.0.0.1 at 2017-06-30 15:01:07 +0200
Processing by UsersController#index as HTML
  Rendered users/index.html.erb within layouts/application (5.1ms)
Completed 200 OK in 307ms (Views: 304.3ms | ActiveRecord: 0.0ms)


Started GET "/assets/posts.self-e3b0c44298fc1c149afbf4c8996fb92427ae41e4649b934ca495991b7852b855.css?body=1" for 127.0.0.1 at 2017-06-30 15:01:07 +0200


Started GET "/assets/scaffolds.self-e0868a1f1a85ca992768ed764be6a1b26b2c1eed3437039adc41c0c668b5d90d.css?body=1" for 127.0.0.1 at 2017-06-30 15:01:07 +0200


Started GET "/assets/user.self-e3b0c44298fc1c149afbf4c8996fb92427ae41e4649b934ca495991b7852b855.css?body=1" for 127.0.0.1 at 2017-06-30 15:01:07 +0200


Started GET "/assets/application.self-e80e8f2318043e8af94dddc2adad5a4f09739a8ebb323b3ab31cd71d45fd9113.css?body=1" for 127.0.0.1 at 2017-06-30 15:01:07 +0200


Started GET "/assets/jquery.self-bd7ddd393353a8d2480a622e80342adf488fb6006d667e8b42e4c0073393abee.js?body=1" for 127.0.0.1 at 2017-06-30 15:01:07 +0200


Started GET "/assets/jquery_ujs.self-784a997f6726036b1993eb2217c9cb558e1cbb801c6da88105588c56f13b466a.js?body=1" for 127.0.0.1 at 2017-06-30 15:01:07 +0200


Started GET "/assets/turbolinks.self-1d1fddf91adc38ac2045c51f0a3e05ca97d07d24d15a4dcbf705009106489e69.js?body=1" for 127.0.0.1 at 2017-06-30 15:01:07 +0200


Started GET "/assets/posts.self-877aef30ae1b040ab8a3aba4e3e309a11d7f2612f44dde450b5c157aa5f95c05.js?body=1" for 127.0.0.1 at 2017-06-30 15:01:07 +0200


Started GET "/assets/user.self-877aef30ae1b040ab8a3aba4e3e309a11d7f2612f44dde450b5c157aa5f95c05.js?body=1" for 127.0.0.1 at 2017-06-30 15:01:07 +0200


Started GET "/assets/application.self-3b8dabdc891efe46b9a144b400ad69e37d7e5876bdc39dee783419a69d7ca819.js?body=1" for 127.0.0.1 at 2017-06-30 15:01:07 +0200


Started GET "/users" for 127.0.0.1 at 2017-06-30 15:06:00 +0200
Processing by UsersController#index as HTML
  [1m[36mUser Load (53.5ms)[0m  [1mSELECT "users".* FROM "users"[0m
  Rendered users/index.html.erb within layouts/application (207.8ms)
Completed 200 OK in 265ms (Views: 208.9ms | ActiveRecord: 53.7ms)


Started GET "/assets/posts.self-e3b0c44298fc1c149afbf4c8996fb92427ae41e4649b934ca495991b7852b855.css?body=1" for 127.0.0.1 at 2017-06-30 15:06:00 +0200


Started GET "/assets/scaffolds.self-e0868a1f1a85ca992768ed764be6a1b26b2c1eed3437039adc41c0c668b5d90d.css?body=1" for 127.0.0.1 at 2017-06-30 15:06:00 +0200


Started GET "/assets/user.self-e3b0c44298fc1c149afbf4c8996fb92427ae41e4649b934ca495991b7852b855.css?body=1" for 127.0.0.1 at 2017-06-30 15:06:00 +0200


Started GET "/assets/jquery.self-bd7ddd393353a8d2480a622e80342adf488fb6006d667e8b42e4c0073393abee.js?body=1" for 127.0.0.1 at 2017-06-30 15:06:00 +0200


Started GET "/assets/jquery_ujs.self-784a997f6726036b1993eb2217c9cb558e1cbb801c6da88105588c56f13b466a.js?body=1" for 127.0.0.1 at 2017-06-30 15:06:00 +0200


Started GET "/assets/application.self-e80e8f2318043e8af94dddc2adad5a4f09739a8ebb323b3ab31cd71d45fd9113.css?body=1" for 127.0.0.1 at 2017-06-30 15:06:00 +0200


Started GET "/assets/turbolinks.self-1d1fddf91adc38ac2045c51f0a3e05ca97d07d24d15a4dcbf705009106489e69.js?body=1" for 127.0.0.1 at 2017-06-30 15:06:00 +0200


Started GET "/assets/posts.self-877aef30ae1b040ab8a3aba4e3e309a11d7f2612f44dde450b5c157aa5f95c05.js?body=1" for 127.0.0.1 at 2017-06-30 15:06:00 +0200


Started GET "/assets/application.self-3b8dabdc891efe46b9a144b400ad69e37d7e5876bdc39dee783419a69d7ca819.js?body=1" for 127.0.0.1 at 2017-06-30 15:06:00 +0200


Started GET "/assets/user.self-877aef30ae1b040ab8a3aba4e3e309a11d7f2612f44dde450b5c157aa5f95c05.js?body=1" for 127.0.0.1 at 2017-06-30 15:06:00 +0200


Started GET "/users" for 127.0.0.1 at 2017-06-30 15:18:35 +0200
  [1m[36mActiveRecord::SchemaMigration Load (0.2ms)[0m  [1mSELECT "schema_migrations".* FROM "schema_migrations"[0m

ActiveRecord::PendingMigrationError (

Migrations are pending. To resolve this issue, run:

	bin/rake db:migrate RAILS_ENV=development

):
  /usr/lib/ruby/vendor_ruby/active_record/migration.rb:392:in `check_pending!'
  /usr/lib/ruby/vendor_ruby/active_record/migration.rb:373:in `call'
  /usr/lib/ruby/vendor_ruby/action_dispatch/middleware/callbacks.rb:29:in `block in call'
  /usr/lib/ruby/vendor_ruby/active_support/callbacks.rb:88:in `__run_callbacks__'
  /usr/lib/ruby/vendor_ruby/active_support/callbacks.rb:778:in `_run_call_callbacks'
  /usr/lib/ruby/vendor_ruby/active_support/callbacks.rb:81:in `run_callbacks'
  /usr/lib/ruby/vendor_ruby/action_dispatch/middleware/callbacks.rb:27:in `call'
  /usr/lib/ruby/vendor_ruby/action_dispatch/middleware/reloader.rb:73:in `call'
  /usr/lib/ruby/vendor_ruby/action_dispatch/middleware/remote_ip.rb:78:in `call'
  /usr/lib/ruby/vendor_ruby/action_dispatch/middleware/debug_exceptions.rb:17:in `call'
  web-console (2.3.0) lib/web_console/middleware.rb:28:in `block in call'
  web-console (2.3.0) lib/web_console/middleware.rb:18:in `catch'
  web-console (2.3.0) lib/web_console/middleware.rb:18:in `call'
  /usr/lib/ruby/vendor_ruby/action_dispatch/middleware/show_exceptions.rb:30:in `call'
  /usr/lib/ruby/vendor_ruby/rails/rack/logger.rb:38:in `call_app'
  /usr/lib/ruby/vendor_ruby/rails/rack/logger.rb:20:in `block in call'
  /usr/lib/ruby/vendor_ruby/active_support/tagged_logging.rb:68:in `block in tagged'
  /usr/lib/ruby/vendor_ruby/active_support/tagged_logging.rb:26:in `tagged'
  /usr/lib/ruby/vendor_ruby/active_support/tagged_logging.rb:68:in `tagged'
  /usr/lib/ruby/vendor_ruby/rails/rack/logger.rb:20:in `call'
  /usr/lib/ruby/vendor_ruby/action_dispatch/middleware/request_id.rb:21:in `call'
  rack (1.6.8) lib/rack/methodoverride.rb:22:in `call'
  rack (1.6.8) lib/rack/runtime.rb:18:in `call'
  /usr/lib/ruby/vendor_ruby/active_support/cache/strategy/local_cache_middleware.rb:28:in `call'
  rack (1.6.8) lib/rack/lock.rb:17:in `call'
  /usr/lib/ruby/vendor_ruby/action_dispatch/middleware/static.rb:120:in `call'
  rack (1.6.8) lib/rack/sendfile.rb:113:in `call'
  /usr/lib/ruby/vendor_ruby/rails/engine.rb:518:in `call'
  /usr/lib/ruby/vendor_ruby/rails/application.rb:165:in `call'
  rack (1.6.8) lib/rack/lock.rb:17:in `call'
  rack (1.6.8) lib/rack/content_length.rb:15:in `call'
  rack (1.6.8) lib/rack/handler/webrick.rb:88:in `service'
  /usr/lib/ruby/2.3.0/webrick/httpserver.rb:140:in `service'
  /usr/lib/ruby/2.3.0/webrick/httpserver.rb:96:in `run'
  /usr/lib/ruby/2.3.0/webrick/server.rb:296:in `block in start_thread'


  Rendered /usr/lib/ruby/vendor_ruby/action_dispatch/middleware/templates/rescues/_source.erb (3.0ms)
  Rendered /usr/lib/ruby/vendor_ruby/action_dispatch/middleware/templates/rescues/_trace.html.erb (1.8ms)
  Rendered /usr/lib/ruby/vendor_ruby/action_dispatch/middleware/templates/rescues/_request_and_response.html.erb (1.4ms)
  Rendered /usr/lib/ruby/vendor_ruby/action_dispatch/middleware/templates/rescues/diagnostics.html.erb within rescues/layout (19.6ms)
  Rendered /var/lib/gems/2.3.0/gems/web-console-2.3.0/lib/web_console/templates/_markup.html.erb (0.4ms)
  Rendered /var/lib/gems/2.3.0/gems/web-console-2.3.0/lib/web_console/templates/_inner_console_markup.html.erb within layouts/inlined_string (0.3ms)
  Rendered /var/lib/gems/2.3.0/gems/web-console-2.3.0/lib/web_console/templates/_prompt_box_markup.html.erb within layouts/inlined_string (0.4ms)
  Rendered /var/lib/gems/2.3.0/gems/web-console-2.3.0/lib/web_console/templates/style.css.erb within layouts/inlined_string (0.4ms)
  Rendered /var/lib/gems/2.3.0/gems/web-console-2.3.0/lib/web_console/templates/console.js.erb within layouts/javascript (22.8ms)
  Rendered /var/lib/gems/2.3.0/gems/web-console-2.3.0/lib/web_console/templates/main.js.erb within layouts/javascript (0.2ms)
  Rendered /var/lib/gems/2.3.0/gems/web-console-2.3.0/lib/web_console/templates/error_page.js.erb within layouts/javascript (0.3ms)
  Rendered /var/lib/gems/2.3.0/gems/web-console-2.3.0/lib/web_console/templates/index.html.erb (40.6ms)


Started GET "/users" for 127.0.0.1 at 2017-06-30 15:18:48 +0200
  [1m[35mActiveRecord::SchemaMigration Load (0.2ms)[0m  SELECT "schema_migrations".* FROM "schema_migrations"
Processing by UsersController#index as HTML
  [1m[36mUser Load (0.2ms)[0m  [1mSELECT "users".* FROM "users"[0m
  Rendered users/index.html.erb within layouts/application (2.2ms)
Completed 200 OK in 330ms (Views: 316.2ms | ActiveRecord: 0.4ms)


Started GET "/assets/scaffolds.self-e0868a1f1a85ca992768ed764be6a1b26b2c1eed3437039adc41c0c668b5d90d.css?body=1" for 127.0.0.1 at 2017-06-30 15:18:48 +0200


Started GET "/posts" for 127.0.0.1 at 2017-06-30 15:20:04 +0200
Processing by PostsController#index as HTML
  [1m[35mPost Load (0.2ms)[0m  SELECT "posts".* FROM "posts"
  Rendered posts/index.html.erb within layouts/application (3.1ms)
Completed 200 OK in 43ms (Views: 34.2ms | ActiveRecord: 0.4ms)


Started GET "/posts/new" for 127.0.0.1 at 2017-06-30 15:20:11 +0200
Processing by PostsController#new as HTML
  Rendered posts/_form.html.erb (42.9ms)
  Rendered posts/new.html.erb within layouts/application (45.3ms)
Completed 500 Internal Server Error in 70ms (ActiveRecord: 0.4ms)

ActionView::Template::Error (undefined method `title' for #<Post:0x00000002e12588>
Did you mean?  title):
    13: 
    14:   <div class="field">
    15:     <%= f.label :title %><br>
    16:     <%= f.text_field :title %>
    17:   </div>
    18:   <div class="field">
    19:     <%= f.label :publishDate %><br>
  app/views/posts/_form.html.erb:16:in `block in _app_views_posts__form_html_erb__554015952679828952_24751420'
  app/views/posts/_form.html.erb:1:in `_app_views_posts__form_html_erb__554015952679828952_24751420'
  app/views/posts/new.html.erb:3:in `_app_views_posts_new_html_erb___192923332286898960_24538260'


  Rendered /usr/lib/ruby/vendor_ruby/action_dispatch/middleware/templates/rescues/_source.erb (13.4ms)
  Rendered /usr/lib/ruby/vendor_ruby/action_dispatch/middleware/templates/rescues/_trace.html.erb (4.5ms)
  Rendered /usr/lib/ruby/vendor_ruby/action_dispatch/middleware/templates/rescues/_request_and_response.html.erb (1.3ms)
  Rendered /usr/lib/ruby/vendor_ruby/action_dispatch/middleware/templates/rescues/template_error.html.erb within rescues/layout (33.5ms)
  Rendered /var/lib/gems/2.3.0/gems/web-console-2.3.0/lib/web_console/templates/_markup.html.erb (0.5ms)
  Rendered /var/lib/gems/2.3.0/gems/web-console-2.3.0/lib/web_console/templates/_inner_console_markup.html.erb within layouts/inlined_string (0.4ms)
  Rendered /var/lib/gems/2.3.0/gems/web-console-2.3.0/lib/web_console/templates/_prompt_box_markup.html.erb within layouts/inlined_string (0.3ms)
  Rendered /var/lib/gems/2.3.0/gems/web-console-2.3.0/lib/web_console/templates/style.css.erb within layouts/inlined_string (0.3ms)
  Rendered /var/lib/gems/2.3.0/gems/web-console-2.3.0/lib/web_console/templates/console.js.erb within layouts/javascript (18.8ms)
  Rendered /var/lib/gems/2.3.0/gems/web-console-2.3.0/lib/web_console/templates/main.js.erb within layouts/javascript (0.3ms)
  Rendered /var/lib/gems/2.3.0/gems/web-console-2.3.0/lib/web_console/templates/error_page.js.erb within layouts/javascript (0.4ms)
  Rendered /var/lib/gems/2.3.0/gems/web-console-2.3.0/lib/web_console/templates/index.html.erb (36.4ms)


Started GET "/posts/new" for 127.0.0.1 at 2017-06-30 15:22:53 +0200
Processing by PostsController#new as HTML
  Rendered posts/_form.html.erb (4.4ms)
  Rendered posts/new.html.erb within layouts/application (5.0ms)
Completed 200 OK in 32ms (Views: 23.8ms | ActiveRecord: 0.6ms)


Started POST "/posts" for 127.0.0.1 at 2017-06-30 15:23:43 +0200
Processing by PostsController#create as HTML
  Parameters: {"utf8"=>"✓", "authenticity_token"=>"jsav2hW9LL6+fs0MJ/uI0+dUBGv8YnVJJZsZvWlGOCy/Nrzm9otfatCET8jLh4vywsl0q2nPgSwlhUMNR5gNuw==", "post"=>{"title"=>"Article 1", "publishDate"=>"120617", "hat"=>"Article de ouf", "content"=>"Blablablablabla\r\nBlablablablabla\r\nBlablablablabla\r\nBlablablablabla", "picture"=>""}, "commit"=>"Create Post"}
  [1m[36m (0.2ms)[0m  [1mbegin transaction[0m
  [1m[35mSQL (0.6ms)[0m  INSERT INTO "posts" ("title", "publishDate", "hat", "content", "picture", "created_at", "updated_at") VALUES (?, ?, ?, ?, ?, ?, ?)  [["title", "Article 1"], ["publishDate", "0012-06-17"], ["hat", "Article de ouf"], ["content", "Blablablablabla\r\nBlablablablabla\r\nBlablablablabla\r\nBlablablablabla"], ["picture", ""], ["created_at", "2017-06-30 13:23:43.048334"], ["updated_at", "2017-06-30 13:23:43.048334"]]
  [1m[36m (163.3ms)[0m  [1mcommit transaction[0m
Redirected to http://localhost:3000/posts/1
Completed 302 Found in 175ms (ActiveRecord: 164.1ms)


Started GET "/posts/1" for 127.0.0.1 at 2017-06-30 15:23:43 +0200
Processing by PostsController#show as HTML
  Parameters: {"id"=>"1"}
  [1m[35mPost Load (0.3ms)[0m  SELECT  "posts".* FROM "posts" WHERE "posts"."id" = ? LIMIT 1  [["id", 1]]
  Rendered posts/show.html.erb within layouts/application (1.6ms)
Completed 200 OK in 33ms (Views: 24.2ms | ActiveRecord: 0.3ms)


Started GET "/posts" for 127.0.0.1 at 2017-06-30 15:23:59 +0200
Processing by PostsController#index as HTML
  [1m[36mPost Load (0.3ms)[0m  [1mSELECT "posts".* FROM "posts"[0m
  Rendered posts/index.html.erb within layouts/application (4.0ms)
Completed 200 OK in 24ms (Views: 23.0ms | ActiveRecord: 0.3ms)
  [1m[36mActiveRecord::SchemaMigration Load (0.1ms)[0m  [1mSELECT "schema_migrations".* FROM "schema_migrations"[0m
Migrating to AddUserToPosts (20170630133752)
  [1m[35m (0.1ms)[0m  begin transaction
  [1m[36m (0.3ms)[0m  [1mALTER TABLE "posts" ADD "user" varchar[0m
  [1m[35mSQL (0.1ms)[0m  INSERT INTO "schema_migrations" ("version") VALUES (?)  [["version", "20170630133752"]]
  [1m[36m (158.2ms)[0m  [1mcommit transaction[0m
  [1m[35mActiveRecord::SchemaMigration Load (0.4ms)[0m  SELECT "schema_migrations".* FROM "schema_migrations"
  [1m[36m (0.4ms)[0m  [1m            SELECT sql
            FROM sqlite_master
            WHERE name='index_users_on_reset_password_token' AND type='index'
            UNION ALL
            SELECT sql
            FROM sqlite_temp_master
            WHERE name='index_users_on_reset_password_token' AND type='index'
[0m
  [1m[35m (0.2ms)[0m              SELECT sql
            FROM sqlite_master
            WHERE name='index_users_on_email' AND type='index'
            UNION ALL
            SELECT sql
            FROM sqlite_temp_master
            WHERE name='index_users_on_email' AND type='index'

  [1m[36m (0.2ms)[0m  [1mbegin transaction[0m
  [1m[35mUser Exists (0.3ms)[0m  SELECT  1 AS one FROM "users" WHERE "users"."email" = 'vincent@vincent.com' LIMIT 1
  [1m[36m (0.1ms)[0m  [1mrollback transaction[0m
  [1m[36mActiveRecord::SchemaMigration Load (0.1ms)[0m  [1mSELECT "schema_migrations".* FROM "schema_migrations"[0m
Migrating to RemoveUserFromPosts (20170630134803)
  [1m[35m (0.1ms)[0m  begin transaction
  [1m[36m (0.4ms)[0m  [1mCREATE TEMPORARY TABLE "aposts" ("id" INTEGER PRIMARY KEY AUTOINCREMENT NOT NULL, "title" varchar, "publishDate" date, "hat" text, "content" text, "picture" varchar, "created_at" datetime NOT NULL, "updated_at" datetime NOT NULL, "user" varchar) [0m
  [1m[35m (0.1ms)[0m  SELECT * FROM "posts"
  [1m[36m (0.1ms)[0m  [1mINSERT INTO "aposts" ("id","title","publishDate","hat","content","picture","created_at","updated_at","user") VALUES (1, 'Article 1', '0012-06-17', 'Article de ouf', 'Blablablablabla
Blablablablabla
Blablablablabla
Blablablablabla', '', '2017-06-30 13:23:43.048334', '2017-06-30 13:23:43.048334', NULL)[0m
  [1m[35m (0.2ms)[0m  DROP TABLE "posts"
  [1m[36m (0.1ms)[0m  [1mCREATE TABLE "posts" ("id" INTEGER PRIMARY KEY AUTOINCREMENT NOT NULL, "title" varchar, "publishDate" date, "hat" text, "content" text, "picture" varchar, "created_at" datetime NOT NULL, "updated_at" datetime NOT NULL) [0m
  [1m[35m (0.1ms)[0m  SELECT * FROM "aposts"
  [1m[36m (0.0ms)[0m  [1mINSERT INTO "posts" ("id","title","publishDate","hat","content","picture","created_at","updated_at") VALUES (1, 'Article 1', '0012-06-17', 'Article de ouf', 'Blablablablabla
Blablablablabla
Blablablablabla
Blablablablabla', '', '2017-06-30 13:23:43.048334', '2017-06-30 13:23:43.048334')[0m
  [1m[35m (0.2ms)[0m  DROP TABLE "aposts"
  [1m[36mSQL (0.1ms)[0m  [1mINSERT INTO "schema_migrations" ("version") VALUES (?)[0m  [["version", "20170630134803"]]
  [1m[35m (61.4ms)[0m  commit transaction
  [1m[36mActiveRecord::SchemaMigration Load (0.2ms)[0m  [1mSELECT "schema_migrations".* FROM "schema_migrations"[0m
  [1m[35m (0.2ms)[0m              SELECT sql
            FROM sqlite_master
            WHERE name='index_users_on_reset_password_token' AND type='index'
            UNION ALL
            SELECT sql
            FROM sqlite_temp_master
            WHERE name='index_users_on_reset_password_token' AND type='index'

  [1m[36m (0.2ms)[0m  [1m            SELECT sql
            FROM sqlite_master
            WHERE name='index_users_on_email' AND type='index'
            UNION ALL
            SELECT sql
            FROM sqlite_temp_master
            WHERE name='index_users_on_email' AND type='index'
[0m
  [1m[36mActiveRecord::SchemaMigration Load (0.1ms)[0m  [1mSELECT "schema_migrations".* FROM "schema_migrations"[0m
Migrating to AddAuthorToPosts (20170630134924)
  [1m[35m (0.1ms)[0m  begin transaction
  [1m[36m (0.0ms)[0m  [1mrollback transaction[0m
  [1m[36mActiveRecord::SchemaMigration Load (0.1ms)[0m  [1mSELECT "schema_migrations".* FROM "schema_migrations"[0m
Migrating to AddAuthorToPosts (20170630135039)
  [1m[35m (0.1ms)[0m  begin transaction
  [1m[36m (0.4ms)[0m  [1mALTER TABLE "posts" ADD "user" @user[0m
  [1m[35m (0.0ms)[0m  rollback transaction


Started GET "/posts" for 127.0.0.1 at 2017-06-30 15:52:57 +0200
  [1m[35mActiveRecord::SchemaMigration Load (0.2ms)[0m  SELECT "schema_migrations".* FROM "schema_migrations"
Processing by PostsController#index as HTML
Completed 401 Unauthorized in 22ms (ActiveRecord: 0.0ms)


Started GET "/users/sign_in" for 127.0.0.1 at 2017-06-30 15:52:57 +0200
Processing by Devise::SessionsController#new as HTML
  Rendered /var/lib/gems/2.3.0/gems/devise-4.3.0/app/views/devise/shared/_links.html.erb (1.4ms)
  Rendered /var/lib/gems/2.3.0/gems/devise-4.3.0/app/views/devise/sessions/new.html.erb within layouts/application (16.1ms)
Completed 200 OK in 431ms (Views: 416.6ms | ActiveRecord: 0.5ms)


Started GET "/" for 127.0.0.1 at 2017-06-30 15:53:39 +0200
Processing by Rails::WelcomeController#index as HTML
  Rendered /usr/lib/ruby/vendor_ruby/rails/templates/rails/welcome/index.html.erb (2.4ms)
Completed 200 OK in 72ms (Views: 71.2ms | ActiveRecord: 0.0ms)


Started GET "/posts" for 127.0.0.1 at 2017-06-30 15:53:46 +0200
Processing by PostsController#index as HTML
Completed 401 Unauthorized in 1ms (ActiveRecord: 0.0ms)


Started GET "/users/sign_in" for 127.0.0.1 at 2017-06-30 15:53:46 +0200
Processing by Devise::SessionsController#new as HTML
  Rendered /var/lib/gems/2.3.0/gems/devise-4.3.0/app/views/devise/shared/_links.html.erb (1.0ms)
  Rendered /var/lib/gems/2.3.0/gems/devise-4.3.0/app/views/devise/sessions/new.html.erb within layouts/application (5.5ms)
Completed 200 OK in 24ms (Views: 23.3ms | ActiveRecord: 0.0ms)


Started GET "/post" for 127.0.0.1 at 2017-06-30 15:54:31 +0200

ActionController::RoutingError (No route matches [GET] "/post"):
  /usr/lib/ruby/vendor_ruby/action_dispatch/middleware/debug_exceptions.rb:21:in `call'
  web-console (2.3.0) lib/web_console/middleware.rb:28:in `block in call'
  web-console (2.3.0) lib/web_console/middleware.rb:18:in `catch'
  web-console (2.3.0) lib/web_console/middleware.rb:18:in `call'
  /usr/lib/ruby/vendor_ruby/action_dispatch/middleware/show_exceptions.rb:30:in `call'
  /usr/lib/ruby/vendor_ruby/rails/rack/logger.rb:38:in `call_app'
  /usr/lib/ruby/vendor_ruby/rails/rack/logger.rb:20:in `block in call'
  /usr/lib/ruby/vendor_ruby/active_support/tagged_logging.rb:68:in `block in tagged'
  /usr/lib/ruby/vendor_ruby/active_support/tagged_logging.rb:26:in `tagged'
  /usr/lib/ruby/vendor_ruby/active_support/tagged_logging.rb:68:in `tagged'
  /usr/lib/ruby/vendor_ruby/rails/rack/logger.rb:20:in `call'
  /usr/lib/ruby/vendor_ruby/action_dispatch/middleware/request_id.rb:21:in `call'
  rack (1.6.8) lib/rack/methodoverride.rb:22:in `call'
  rack (1.6.8) lib/rack/runtime.rb:18:in `call'
  /usr/lib/ruby/vendor_ruby/active_support/cache/strategy/local_cache_middleware.rb:28:in `call'
  rack (1.6.8) lib/rack/lock.rb:17:in `call'
  /usr/lib/ruby/vendor_ruby/action_dispatch/middleware/static.rb:120:in `call'
  rack (1.6.8) lib/rack/sendfile.rb:113:in `call'
  /usr/lib/ruby/vendor_ruby/rails/engine.rb:518:in `call'
  /usr/lib/ruby/vendor_ruby/rails/application.rb:165:in `call'
  rack (1.6.8) lib/rack/lock.rb:17:in `call'
  rack (1.6.8) lib/rack/content_length.rb:15:in `call'
  rack (1.6.8) lib/rack/handler/webrick.rb:88:in `service'
  /usr/lib/ruby/2.3.0/webrick/httpserver.rb:140:in `service'
  /usr/lib/ruby/2.3.0/webrick/httpserver.rb:96:in `run'
  /usr/lib/ruby/2.3.0/webrick/server.rb:296:in `block in start_thread'


  Rendered /usr/lib/ruby/vendor_ruby/action_dispatch/middleware/templates/rescues/_trace.html.erb (2.5ms)
  Rendered /usr/lib/ruby/vendor_ruby/action_dispatch/middleware/templates/routes/_route.html.erb (2.9ms)
  Rendered /usr/lib/ruby/vendor_ruby/action_dispatch/middleware/templates/routes/_table.html.erb (2.3ms)
  Rendered /usr/lib/ruby/vendor_ruby/action_dispatch/middleware/templates/rescues/_request_and_response.html.erb (2.3ms)
  Rendered /usr/lib/ruby/vendor_ruby/action_dispatch/middleware/templates/rescues/routing_error.html.erb within rescues/layout (37.2ms)
  Rendered /var/lib/gems/2.3.0/gems/web-console-2.3.0/lib/web_console/templates/_markup.html.erb (0.4ms)
  Rendered /var/lib/gems/2.3.0/gems/web-console-2.3.0/lib/web_console/templates/_inner_console_markup.html.erb within layouts/inlined_string (0.4ms)
  Rendered /var/lib/gems/2.3.0/gems/web-console-2.3.0/lib/web_console/templates/_prompt_box_markup.html.erb within layouts/inlined_string (9.4ms)
  Rendered /var/lib/gems/2.3.0/gems/web-console-2.3.0/lib/web_console/templates/style.css.erb within layouts/inlined_string (0.5ms)
  Rendered /var/lib/gems/2.3.0/gems/web-console-2.3.0/lib/web_console/templates/console.js.erb within layouts/javascript (27.3ms)
  Rendered /var/lib/gems/2.3.0/gems/web-console-2.3.0/lib/web_console/templates/main.js.erb within layouts/javascript (0.3ms)
  Rendered /var/lib/gems/2.3.0/gems/web-console-2.3.0/lib/web_console/templates/error_page.js.erb within layouts/javascript (0.6ms)
  Rendered /var/lib/gems/2.3.0/gems/web-console-2.3.0/lib/web_console/templates/index.html.erb (44.5ms)


Started GET "/posts" for 127.0.0.1 at 2017-06-30 15:54:34 +0200
Processing by PostsController#index as HTML
Completed 401 Unauthorized in 2ms (ActiveRecord: 0.0ms)


Started GET "/users/sign_in" for 127.0.0.1 at 2017-06-30 15:54:34 +0200
Processing by Devise::SessionsController#new as HTML
  Rendered /var/lib/gems/2.3.0/gems/devise-4.3.0/app/views/devise/shared/_links.html.erb (0.4ms)
  Rendered /var/lib/gems/2.3.0/gems/devise-4.3.0/app/views/devise/sessions/new.html.erb within layouts/application (3.9ms)
Completed 200 OK in 29ms (Views: 27.7ms | ActiveRecord: 0.0ms)
  [1m[36mActiveRecord::SchemaMigration Load (0.1ms)[0m  [1mSELECT "schema_migrations".* FROM "schema_migrations"[0m
Migrating to AddAvatarToPosts (20170630140619)
  [1m[35m (0.1ms)[0m  begin transaction
  [1m[36m (0.4ms)[0m  [1mALTER TABLE "posts" ADD "avatar" varchar[0m
  [1m[35mSQL (0.1ms)[0m  INSERT INTO "schema_migrations" ("version") VALUES (?)  [["version", "20170630140619"]]
  [1m[36m (81.0ms)[0m  [1mcommit transaction[0m
  [1m[35mActiveRecord::SchemaMigration Load (0.3ms)[0m  SELECT "schema_migrations".* FROM "schema_migrations"
  [1m[36m (0.5ms)[0m  [1m            SELECT sql
            FROM sqlite_master
            WHERE name='index_users_on_reset_password_token' AND type='index'
            UNION ALL
            SELECT sql
            FROM sqlite_temp_master
            WHERE name='index_users_on_reset_password_token' AND type='index'
[0m
  [1m[35m (0.3ms)[0m              SELECT sql
            FROM sqlite_master
            WHERE name='index_users_on_email' AND type='index'
            UNION ALL
            SELECT sql
            FROM sqlite_temp_master
            WHERE name='index_users_on_email' AND type='index'

  [1m[36mActiveRecord::SchemaMigration Load (0.1ms)[0m  [1mSELECT "schema_migrations".* FROM "schema_migrations"[0m
Migrating to RemovePictureFromPosts (20170630160619)
  [1m[35m (0.1ms)[0m  begin transaction
  [1m[36m (0.0ms)[0m  [1mrollback transaction[0m
  [1m[36mActiveRecord::SchemaMigration Load (0.1ms)[0m  [1mSELECT "schema_migrations".* FROM "schema_migrations"[0m
Migrating to RemovePictureFromPosts (20170630160619)
  [1m[35m (0.1ms)[0m  begin transaction
  [1m[36m (0.0ms)[0m  [1mrollback transaction[0m
  [1m[36mActiveRecord::SchemaMigration Load (0.1ms)[0m  [1mSELECT "schema_migrations".* FROM "schema_migrations"[0m
Migrating to RemovePictureFromPosts (20170630141305)
  [1m[35m (0.1ms)[0m  begin transaction
  [1m[36m (0.4ms)[0m  [1mCREATE TEMPORARY TABLE "aposts" ("id" INTEGER PRIMARY KEY AUTOINCREMENT NOT NULL, "title" varchar, "publishDate" date, "hat" text, "content" text, "picture" varchar, "created_at" datetime NOT NULL, "updated_at" datetime NOT NULL, "avatar" varchar) [0m
  [1m[35m (0.1ms)[0m  SELECT * FROM "posts"
  [1m[36m (0.1ms)[0m  [1mINSERT INTO "aposts" ("id","title","publishDate","hat","content","picture","created_at","updated_at","avatar") VALUES (1, 'Article 1', '0012-06-17', 'Article de ouf', 'Blablablablabla
Blablablablabla
Blablablablabla
Blablablablabla', '', '2017-06-30 13:23:43.048334', '2017-06-30 13:23:43.048334', NULL)[0m
  [1m[35m (0.2ms)[0m  DROP TABLE "posts"
  [1m[36m (0.1ms)[0m  [1mCREATE TABLE "posts" ("id" INTEGER PRIMARY KEY AUTOINCREMENT NOT NULL, "title" varchar, "publishDate" date, "hat" text, "content" text, "created_at" datetime NOT NULL, "updated_at" datetime NOT NULL, "avatar" varchar) [0m
  [1m[35m (0.1ms)[0m  SELECT * FROM "aposts"
  [1m[36m (0.1ms)[0m  [1mINSERT INTO "posts" ("id","title","publishDate","hat","content","created_at","updated_at","avatar") VALUES (1, 'Article 1', '0012-06-17', 'Article de ouf', 'Blablablablabla
Blablablablabla
Blablablablabla
Blablablablabla', '2017-06-30 13:23:43.048334', '2017-06-30 13:23:43.048334', NULL)[0m
  [1m[35m (0.2ms)[0m  DROP TABLE "aposts"
  [1m[36mSQL (0.1ms)[0m  [1mINSERT INTO "schema_migrations" ("version") VALUES (?)[0m  [["version", "20170630141305"]]
  [1m[35m (72.0ms)[0m  commit transaction
  [1m[36mActiveRecord::SchemaMigration Load (0.2ms)[0m  [1mSELECT "schema_migrations".* FROM "schema_migrations"[0m
  [1m[35m (0.2ms)[0m              SELECT sql
            FROM sqlite_master
            WHERE name='index_users_on_reset_password_token' AND type='index'
            UNION ALL
            SELECT sql
            FROM sqlite_temp_master
            WHERE name='index_users_on_reset_password_token' AND type='index'

  [1m[36m (0.2ms)[0m  [1m            SELECT sql
            FROM sqlite_master
            WHERE name='index_users_on_email' AND type='index'
            UNION ALL
            SELECT sql
            FROM sqlite_temp_master
            WHERE name='index_users_on_email' AND type='index'
[0m


Started GET "/users/sign_in" for 127.0.0.1 at 2017-06-30 16:17:10 +0200
  [1m[36mActiveRecord::SchemaMigration Load (0.2ms)[0m  [1mSELECT "schema_migrations".* FROM "schema_migrations"[0m
Processing by Devise::SessionsController#new as HTML
  Rendered /var/lib/gems/2.3.0/gems/devise-4.3.0/app/views/devise/shared/_links.html.erb (0.4ms)
  Rendered /var/lib/gems/2.3.0/gems/devise-4.3.0/app/views/devise/sessions/new.html.erb within layouts/application (3.4ms)
Completed 200 OK in 32ms (Views: 21.6ms | ActiveRecord: 0.5ms)


Started GET "/users/sign_in" for 127.0.0.1 at 2017-06-30 16:17:11 +0200
Processing by Devise::SessionsController#new as HTML
  Rendered /var/lib/gems/2.3.0/gems/devise-4.3.0/app/views/devise/shared/_links.html.erb (1.1ms)
  Rendered /var/lib/gems/2.3.0/gems/devise-4.3.0/app/views/devise/sessions/new.html.erb within layouts/application (5.7ms)
Completed 200 OK in 36ms (Views: 34.2ms | ActiveRecord: 0.0ms)


Started GET "/users/sign_in" for 127.0.0.1 at 2017-06-30 16:17:11 +0200
Processing by Devise::SessionsController#new as HTML
  Rendered /var/lib/gems/2.3.0/gems/devise-4.3.0/app/views/devise/shared/_links.html.erb (0.5ms)
  Rendered /var/lib/gems/2.3.0/gems/devise-4.3.0/app/views/devise/sessions/new.html.erb within layouts/application (3.9ms)
Completed 200 OK in 31ms (Views: 29.2ms | ActiveRecord: 0.0ms)


Started GET "/users/sign_up" for 127.0.0.1 at 2017-06-30 16:17:16 +0200
Processing by Devise::RegistrationsController#new as HTML
  Rendered /var/lib/gems/2.3.0/gems/devise-4.3.0/app/views/devise/shared/_links.html.erb (0.9ms)
  Rendered /var/lib/gems/2.3.0/gems/devise-4.3.0/app/views/devise/registrations/new.html.erb within layouts/application (9.6ms)
Completed 200 OK in 74ms (Views: 73.4ms | ActiveRecord: 0.0ms)


Started POST "/users" for 127.0.0.1 at 2017-06-30 16:17:29 +0200
Processing by Devise::RegistrationsController#create as HTML
  Parameters: {"utf8"=>"✓", "authenticity_token"=>"UJFwL8zGtuJlZ7q5ojCwont//fx9KtY7hpVHIEsg7dZhYWMTL/DFNgudOH1OTLODXuKNPOiHIl6Gix2QZf7YQQ==", "user"=>{"email"=>"test@test", "password"=>"[FILTERED]", "password_confirmation"=>"[FILTERED]"}, "commit"=>"Sign up"}
  [1m[35m (0.1ms)[0m  begin transaction
  [1m[36mUser Exists (0.1ms)[0m  [1mSELECT  1 AS one FROM "users" WHERE "users"."email" = 'test@test' LIMIT 1[0m
  [1m[35mSQL (0.2ms)[0m  INSERT INTO "users" ("email", "encrypted_password", "created_at", "updated_at") VALUES (?, ?, ?, ?)  [["email", "test@test"], ["encrypted_password", "$2a$11$bkUU/j2gmbzWZcm6cHaYUeO4kytqSQBnGa3bvixziGVMUxIb46xV2"], ["created_at", "2017-06-30 14:17:29.871778"], ["updated_at", "2017-06-30 14:17:29.871778"]]
  [1m[36m (72.5ms)[0m  [1mcommit transaction[0m
  [1m[35m (0.1ms)[0m  begin transaction
  [1m[36mSQL (0.3ms)[0m  [1mUPDATE "users" SET "last_sign_in_at" = ?, "current_sign_in_at" = ?, "last_sign_in_ip" = ?, "current_sign_in_ip" = ?, "sign_in_count" = ?, "updated_at" = ? WHERE "users"."id" = ?[0m  [["last_sign_in_at", "2017-06-30 14:17:29.946281"], ["current_sign_in_at", "2017-06-30 14:17:29.946281"], ["last_sign_in_ip", "127.0.0.1"], ["current_sign_in_ip", "127.0.0.1"], ["sign_in_count", 1], ["updated_at", "2017-06-30 14:17:29.947012"], ["id", 1]]
  [1m[35m (84.9ms)[0m  commit transaction
Redirected to http://localhost:3000/posts
Completed 302 Found in 518ms (ActiveRecord: 158.2ms)


Started GET "/posts" for 127.0.0.1 at 2017-06-30 16:17:30 +0200
Processing by PostsController#index as HTML
  [1m[36mUser Load (0.2ms)[0m  [1mSELECT  "users".* FROM "users" WHERE "users"."id" = ?  ORDER BY "users"."id" ASC LIMIT 1[0m  [["id", 1]]
  [1m[35mPost Load (0.2ms)[0m  SELECT "posts".* FROM "posts"
  Rendered posts/index.html.erb within layouts/application (7.8ms)
Completed 200 OK in 37ms (Views: 33.1ms | ActiveRecord: 0.7ms)


Started GET "/posts/new" for 127.0.0.1 at 2017-06-30 16:17:46 +0200
Processing by PostsController#new as HTML
  [1m[36mUser Load (0.1ms)[0m  [1mSELECT  "users".* FROM "users" WHERE "users"."id" = ?  ORDER BY "users"."id" ASC LIMIT 1[0m  [["id", 1]]
  Rendered posts/_form.html.erb (4.3ms)
  Rendered posts/new.html.erb within layouts/application (5.2ms)
Completed 200 OK in 24ms (Views: 22.1ms | ActiveRecord: 0.1ms)


Started GET "/posts/new" for 127.0.0.1 at 2017-06-30 16:22:17 +0200
  [1m[35mActiveRecord::SchemaMigration Load (0.2ms)[0m  SELECT "schema_migrations".* FROM "schema_migrations"
Processing by PostsController#new as HTML
  [1m[36mUser Load (0.2ms)[0m  [1mSELECT  "users".* FROM "users" WHERE "users"."id" = ?  ORDER BY "users"."id" ASC LIMIT 1[0m  [["id", 1]]
Completed 500 Internal Server Error in 26ms (ActiveRecord: 0.8ms)

NameError (uninitialized constant Post::AvatarUploader):
  app/models/post.rb:3:in `<class:Post>'
  app/models/post.rb:1:in `<top (required)>'
  app/controllers/posts_controller.rb:17:in `new'


  Rendered /usr/lib/ruby/vendor_ruby/action_dispatch/middleware/templates/rescues/_source.erb (5.0ms)
  Rendered /usr/lib/ruby/vendor_ruby/action_dispatch/middleware/templates/rescues/_trace.html.erb (2.2ms)
  Rendered /usr/lib/ruby/vendor_ruby/action_dispatch/middleware/templates/rescues/_request_and_response.html.erb (0.8ms)
  Rendered /usr/lib/ruby/vendor_ruby/action_dispatch/middleware/templates/rescues/diagnostics.html.erb within rescues/layout (19.3ms)
  Rendered /var/lib/gems/2.3.0/gems/web-console-2.3.0/lib/web_console/templates/_markup.html.erb (0.4ms)
  Rendered /var/lib/gems/2.3.0/gems/web-console-2.3.0/lib/web_console/templates/_inner_console_markup.html.erb within layouts/inlined_string (0.3ms)
  Rendered /var/lib/gems/2.3.0/gems/web-console-2.3.0/lib/web_console/templates/_prompt_box_markup.html.erb within layouts/inlined_string (0.5ms)
  Rendered /var/lib/gems/2.3.0/gems/web-console-2.3.0/lib/web_console/templates/style.css.erb within layouts/inlined_string (0.4ms)
  Rendered /var/lib/gems/2.3.0/gems/web-console-2.3.0/lib/web_console/templates/console.js.erb within layouts/javascript (14.5ms)
  Rendered /var/lib/gems/2.3.0/gems/web-console-2.3.0/lib/web_console/templates/main.js.erb within layouts/javascript (0.2ms)
  Rendered /var/lib/gems/2.3.0/gems/web-console-2.3.0/lib/web_console/templates/error_page.js.erb within layouts/javascript (0.4ms)
  Rendered /var/lib/gems/2.3.0/gems/web-console-2.3.0/lib/web_console/templates/index.html.erb (28.1ms)


Started GET "/posts/new" for 127.0.0.1 at 2017-06-30 16:22:18 +0200
Processing by PostsController#new as HTML
  [1m[35mUser Load (0.2ms)[0m  SELECT  "users".* FROM "users" WHERE "users"."id" = ?  ORDER BY "users"."id" ASC LIMIT 1  [["id", 1]]
Completed 500 Internal Server Error in 16ms (ActiveRecord: 0.2ms)

NameError (uninitialized constant Post::AvatarUploader):
  app/models/post.rb:3:in `<class:Post>'
  app/models/post.rb:1:in `<top (required)>'
  app/controllers/posts_controller.rb:17:in `new'


  Rendered /usr/lib/ruby/vendor_ruby/action_dispatch/middleware/templates/rescues/_source.erb (6.2ms)
  Rendered /usr/lib/ruby/vendor_ruby/action_dispatch/middleware/templates/rescues/_trace.html.erb (2.6ms)
  Rendered /usr/lib/ruby/vendor_ruby/action_dispatch/middleware/templates/rescues/_request_and_response.html.erb (1.3ms)
  Rendered /usr/lib/ruby/vendor_ruby/action_dispatch/middleware/templates/rescues/diagnostics.html.erb within rescues/layout (24.1ms)
  Rendered /var/lib/gems/2.3.0/gems/web-console-2.3.0/lib/web_console/templates/_markup.html.erb (0.3ms)
  Rendered /var/lib/gems/2.3.0/gems/web-console-2.3.0/lib/web_console/templates/_inner_console_markup.html.erb within layouts/inlined_string (0.5ms)
  Rendered /var/lib/gems/2.3.0/gems/web-console-2.3.0/lib/web_console/templates/_prompt_box_markup.html.erb within layouts/inlined_string (0.3ms)
  Rendered /var/lib/gems/2.3.0/gems/web-console-2.3.0/lib/web_console/templates/style.css.erb within layouts/inlined_string (0.4ms)
  Rendered /var/lib/gems/2.3.0/gems/web-console-2.3.0/lib/web_console/templates/console.js.erb within layouts/javascript (16.4ms)
  Rendered /var/lib/gems/2.3.0/gems/web-console-2.3.0/lib/web_console/templates/main.js.erb within layouts/javascript (0.4ms)
  Rendered /var/lib/gems/2.3.0/gems/web-console-2.3.0/lib/web_console/templates/error_page.js.erb within layouts/javascript (0.4ms)
  Rendered /var/lib/gems/2.3.0/gems/web-console-2.3.0/lib/web_console/templates/index.html.erb (32.1ms)


Started GET "/posts/new" for 127.0.0.1 at 2017-06-30 16:24:21 +0200
  [1m[36mActiveRecord::SchemaMigration Load (0.3ms)[0m  [1mSELECT "schema_migrations".* FROM "schema_migrations"[0m
Processing by PostsController#new as HTML
  [1m[35mUser Load (0.2ms)[0m  SELECT  "users".* FROM "users" WHERE "users"."id" = ?  ORDER BY "users"."id" ASC LIMIT 1  [["id", 1]]
  Rendered posts/_form.html.erb (33.6ms)
  Rendered posts/new.html.erb within layouts/application (37.9ms)
Completed 200 OK in 356ms (Views: 309.5ms | ActiveRecord: 1.0ms)


Started POST "/posts" for 127.0.0.1 at 2017-06-30 16:24:39 +0200
Processing by PostsController#create as HTML
  Parameters: {"utf8"=>"✓", "authenticity_token"=>"6UrWYCTOJiB9YF6nLM37HeiS7r1R2B5HeofK8AtzXxDYusVcx/hV9BOa3GPAsfg8zQ+efcR16iJ6mZBAJa1qhw==", "post"=>{"title"=>"Salut", "publishDate"=>"", "hat"=>"hello", "content"=>"hello everyone", "avatar"=>#<ActionDispatch::Http::UploadedFile:0x00000002af2da8 @tempfile=#<Tempfile:/tmp/RackMultipart20170630-21338-68f4y7.png>, @original_filename="avatar-1606916_640.png", @content_type="image/png", @headers="Content-Disposition: form-data; name=\"post[avatar]\"; filename=\"avatar-1606916_640.png\"\r\nContent-Type: image/png\r\n">, "avatar_cache"=>""}, "commit"=>"Create Post"}
  [1m[36mUser Load (0.2ms)[0m  [1mSELECT  "users".* FROM "users" WHERE "users"."id" = ?  ORDER BY "users"."id" ASC LIMIT 1[0m  [["id", 1]]
Unpermitted parameter: avatar_cache
  [1m[35m (0.1ms)[0m  begin transaction
  [1m[36mSQL (0.3ms)[0m  [1mINSERT INTO "posts" ("title", "hat", "content", "avatar", "created_at", "updated_at") VALUES (?, ?, ?, ?, ?, ?)[0m  [["title", "Salut"], ["hat", "hello"], ["content", "hello everyone"], ["avatar", "avatar-1606916_640.png"], ["created_at", "2017-06-30 14:24:39.138233"], ["updated_at", "2017-06-30 14:24:39.138233"]]
  [1m[35m (118.5ms)[0m  commit transaction
Redirected to http://localhost:3000/posts/2
Completed 302 Found in 178ms (ActiveRecord: 119.1ms)


Started GET "/posts/2" for 127.0.0.1 at 2017-06-30 16:24:39 +0200
Processing by PostsController#show as HTML
  Parameters: {"id"=>"2"}
  [1m[36mUser Load (0.2ms)[0m  [1mSELECT  "users".* FROM "users" WHERE "users"."id" = ?  ORDER BY "users"."id" ASC LIMIT 1[0m  [["id", 1]]
  [1m[35mPost Load (0.3ms)[0m  SELECT  "posts".* FROM "posts" WHERE "posts"."id" = ? LIMIT 1  [["id", 2]]
  Rendered posts/show.html.erb within layouts/application (3.6ms)
Completed 200 OK in 52ms (Views: 43.4ms | ActiveRecord: 0.5ms)


Started GET "/posts/2" for 127.0.0.1 at 2017-06-30 16:25:29 +0200
Processing by PostsController#show as HTML
  Parameters: {"id"=>"2"}
  [1m[36mUser Load (0.9ms)[0m  [1mSELECT  "users".* FROM "users" WHERE "users"."id" = ?  ORDER BY "users"."id" ASC LIMIT 1[0m  [["id", 1]]
  [1m[35mPost Load (0.1ms)[0m  SELECT  "posts".* FROM "posts" WHERE "posts"."id" = ? LIMIT 1  [["id", 2]]
  Rendered posts/show.html.erb within layouts/application (4.7ms)
Completed 200 OK in 53ms (Views: 48.5ms | ActiveRecord: 1.1ms)


Started GET "/posts" for 127.0.0.1 at 2017-06-30 16:25:36 +0200
Processing by PostsController#index as HTML
  [1m[36mUser Load (0.2ms)[0m  [1mSELECT  "users".* FROM "users" WHERE "users"."id" = ?  ORDER BY "users"."id" ASC LIMIT 1[0m  [["id", 1]]
  [1m[35mPost Load (0.3ms)[0m  SELECT "posts".* FROM "posts"
  Rendered posts/index.html.erb within layouts/application (6.1ms)
Completed 200 OK in 47ms (Views: 42.4ms | ActiveRecord: 0.5ms)


Started GET "/posts" for 127.0.0.1 at 2017-06-30 16:26:18 +0200
Processing by PostsController#index as HTML
  [1m[36mUser Load (0.2ms)[0m  [1mSELECT  "users".* FROM "users" WHERE "users"."id" = ?  ORDER BY "users"."id" ASC LIMIT 1[0m  [["id", 1]]
Completed 500 Internal Server Error in 31ms (ActiveRecord: 1.0ms)

LoadError (cannot load such file -- mini_magick (You may need to install the mini_magick gem)):
  app/uploaders/avatar_uploader.rb:5:in `include'
  app/uploaders/avatar_uploader.rb:5:in `<class:AvatarUploader>'
  app/uploaders/avatar_uploader.rb:1:in `<top (required)>'
  app/models/post.rb:3:in `<class:Post>'
  app/models/post.rb:1:in `<top (required)>'
  app/controllers/posts_controller.rb:7:in `index'


  Rendered /usr/lib/ruby/vendor_ruby/action_dispatch/middleware/templates/rescues/_source.erb (6.1ms)
  Rendered /usr/lib/ruby/vendor_ruby/action_dispatch/middleware/templates/rescues/_trace.html.erb (2.6ms)
  Rendered /usr/lib/ruby/vendor_ruby/action_dispatch/middleware/templates/rescues/_request_and_response.html.erb (0.9ms)
  Rendered /usr/lib/ruby/vendor_ruby/action_dispatch/middleware/templates/rescues/diagnostics.html.erb within rescues/layout (19.3ms)
  Rendered /var/lib/gems/2.3.0/gems/web-console-2.3.0/lib/web_console/templates/_markup.html.erb (0.4ms)
  Rendered /var/lib/gems/2.3.0/gems/web-console-2.3.0/lib/web_console/templates/_inner_console_markup.html.erb within layouts/inlined_string (0.3ms)
  Rendered /var/lib/gems/2.3.0/gems/web-console-2.3.0/lib/web_console/templates/_prompt_box_markup.html.erb within layouts/inlined_string (0.4ms)
  Rendered /var/lib/gems/2.3.0/gems/web-console-2.3.0/lib/web_console/templates/style.css.erb within layouts/inlined_string (0.4ms)
  Rendered /var/lib/gems/2.3.0/gems/web-console-2.3.0/lib/web_console/templates/console.js.erb within layouts/javascript (14.0ms)
  Rendered /var/lib/gems/2.3.0/gems/web-console-2.3.0/lib/web_console/templates/main.js.erb within layouts/javascript (0.2ms)
  Rendered /var/lib/gems/2.3.0/gems/web-console-2.3.0/lib/web_console/templates/error_page.js.erb within layouts/javascript (0.3ms)
  Rendered /var/lib/gems/2.3.0/gems/web-console-2.3.0/lib/web_console/templates/index.html.erb (26.3ms)


Started GET "/posts" for 127.0.0.1 at 2017-06-30 16:27:12 +0200
Processing by PostsController#index as HTML
  [1m[35mUser Load (0.2ms)[0m  SELECT  "users".* FROM "users" WHERE "users"."id" = ?  ORDER BY "users"."id" ASC LIMIT 1  [["id", 1]]
Completed 500 Internal Server Error in 11ms (ActiveRecord: 0.2ms)

LoadError (cannot load such file -- mini_magick (You may need to install the mini_magick gem)):
  app/uploaders/avatar_uploader.rb:5:in `include'
  app/uploaders/avatar_uploader.rb:5:in `<class:AvatarUploader>'
  app/uploaders/avatar_uploader.rb:1:in `<top (required)>'
  app/models/post.rb:3:in `<class:Post>'
  app/models/post.rb:1:in `<top (required)>'
  app/controllers/posts_controller.rb:7:in `index'


  Rendered /usr/lib/ruby/vendor_ruby/action_dispatch/middleware/templates/rescues/_source.erb (7.4ms)
  Rendered /usr/lib/ruby/vendor_ruby/action_dispatch/middleware/templates/rescues/_trace.html.erb (2.8ms)
  Rendered /usr/lib/ruby/vendor_ruby/action_dispatch/middleware/templates/rescues/_request_and_response.html.erb (0.9ms)
  Rendered /usr/lib/ruby/vendor_ruby/action_dispatch/middleware/templates/rescues/diagnostics.html.erb within rescues/layout (21.3ms)
  Rendered /var/lib/gems/2.3.0/gems/web-console-2.3.0/lib/web_console/templates/_markup.html.erb (0.4ms)
  Rendered /var/lib/gems/2.3.0/gems/web-console-2.3.0/lib/web_console/templates/_inner_console_markup.html.erb within layouts/inlined_string (0.3ms)
  Rendered /var/lib/gems/2.3.0/gems/web-console-2.3.0/lib/web_console/templates/_prompt_box_markup.html.erb within layouts/inlined_string (0.4ms)
  Rendered /var/lib/gems/2.3.0/gems/web-console-2.3.0/lib/web_console/templates/style.css.erb within layouts/inlined_string (0.5ms)
  Rendered /var/lib/gems/2.3.0/gems/web-console-2.3.0/lib/web_console/templates/console.js.erb within layouts/javascript (14.9ms)
  Rendered /var/lib/gems/2.3.0/gems/web-console-2.3.0/lib/web_console/templates/main.js.erb within layouts/javascript (0.2ms)
  Rendered /var/lib/gems/2.3.0/gems/web-console-2.3.0/lib/web_console/templates/error_page.js.erb within layouts/javascript (0.3ms)
  Rendered /var/lib/gems/2.3.0/gems/web-console-2.3.0/lib/web_console/templates/index.html.erb (27.6ms)


Started GET "/posts" for 127.0.0.1 at 2017-06-30 16:27:47 +0200
  [1m[36mActiveRecord::SchemaMigration Load (0.1ms)[0m  [1mSELECT "schema_migrations".* FROM "schema_migrations"[0m
Processing by PostsController#index as HTML
  [1m[35mUser Load (0.2ms)[0m  SELECT  "users".* FROM "users" WHERE "users"."id" = ?  ORDER BY "users"."id" ASC LIMIT 1  [["id", 1]]
  [1m[36mPost Load (0.2ms)[0m  [1mSELECT "posts".* FROM "posts"[0m
  Rendered posts/index.html.erb within layouts/application (8.6ms)
Completed 200 OK in 270ms (Views: 233.3ms | ActiveRecord: 0.9ms)
  [1m[36mActiveRecord::SchemaMigration Load (0.1ms)[0m  [1mSELECT "schema_migrations".* FROM "schema_migrations"[0m
Migrating to AddUserIdToPosts (20170630143059)
  [1m[35m (0.1ms)[0m  begin transaction
  [1m[36m (0.4ms)[0m  [1mALTER TABLE "posts" ADD "user_id" integer[0m
  [1m[35mSQL (0.2ms)[0m  INSERT INTO "schema_migrations" ("version") VALUES (?)  [["version", "20170630143059"]]
  [1m[36m (83.4ms)[0m  [1mcommit transaction[0m
  [1m[35mActiveRecord::SchemaMigration Load (0.3ms)[0m  SELECT "schema_migrations".* FROM "schema_migrations"
  [1m[36m (0.4ms)[0m  [1m            SELECT sql
            FROM sqlite_master
            WHERE name='index_users_on_reset_password_token' AND type='index'
            UNION ALL
            SELECT sql
            FROM sqlite_temp_master
            WHERE name='index_users_on_reset_password_token' AND type='index'
[0m
  [1m[35m (0.2ms)[0m              SELECT sql
            FROM sqlite_master
            WHERE name='index_users_on_email' AND type='index'
            UNION ALL
            SELECT sql
            FROM sqlite_temp_master
            WHERE name='index_users_on_email' AND type='index'

